2020-08-03 14:33:34,971 ERROR 27255 [-/127.0.0.1/-/5ms GET /] nodejs.Error: Please set config.keys first
    at Application.get keys [as keys] (/Users/didi/workspace-afterhours/egg-example/node_modules/egg/lib/application.js:266:15)
    at Object.get cookies [as cookies] (/Users/didi/workspace-afterhours/egg-example/node_modules/egg/app/extend/context.js:22:66)
    at Object.get [egg-security#CSRF_SECRET] (/Users/didi/workspace-afterhours/egg-example/node_modules/egg-security/app/extend/context.js:91:35)
    at Object.ensureCsrfSecret (/Users/didi/workspace-afterhours/egg-example/node_modules/egg-security/app/extend/context.js:104:13)
    at csrf (/Users/didi/workspace-afterhours/egg-example/node_modules/egg-security/lib/middlewares/csrf.js:15:11)
    at dispatch (/Users/didi/workspace-afterhours/egg-example/node_modules/egg-security/node_modules/koa-compose/index.js:42:32)
    at /Users/didi/workspace-afterhours/egg-example/node_modules/egg-security/node_modules/koa-compose/index.js:34:12
    at dispatch (/Users/didi/workspace-afterhours/egg-example/node_modules/koa/node_modules/koa-compose/index.js:42:32)
    at session (/Users/didi/workspace-afterhours/egg-example/node_modules/koa-session/index.js:41:13)
    at dispatch (/Users/didi/workspace-afterhours/egg-example/node_modules/koa/node_modules/koa-compose/index.js:42:32)

pid: 27255
hostname: bogon

2020-08-03 15:16:51,920 ERROR 32811 [-/127.0.0.1/-/9ms GET /news] nodejs.TypeError: ctx.service.news.list is not a function
    at NewsController.list (/Users/didi/workspace-afterhours/egg-example/app/controller/news.js:7:49)
    at Object.callFn (/Users/didi/workspace-afterhours/egg-example/node_modules/egg-core/lib/utils/index.js:44:21)
    at Object.classControllerMiddleware (/Users/didi/workspace-afterhours/egg-example/node_modules/egg-core/lib/loader/mixin/controller.js:87:20)
    at Object.callFn (/Users/didi/workspace-afterhours/egg-example/node_modules/@eggjs/router/lib/utils.js:12:21)
    at wrappedController (/Users/didi/workspace-afterhours/egg-example/node_modules/@eggjs/router/lib/egg_router.js:322:18)
    at dispatch (/Users/didi/workspace-afterhours/egg-example/node_modules/koa-compose/index.js:44:32)
    at next (/Users/didi/workspace-afterhours/egg-example/node_modules/koa-compose/index.js:45:18)
    at /Users/didi/workspace-afterhours/egg-example/node_modules/@eggjs/router/lib/router.js:190:18
    at dispatch (/Users/didi/workspace-afterhours/egg-example/node_modules/koa-compose/index.js:44:32)
    at /Users/didi/workspace-afterhours/egg-example/node_modules/koa-compose/index.js:36:12

pid: 32811
hostname: bogon

2020-08-03 15:17:46,872 ERROR 32872 [-/undefined/-/5031ms GET /news] nodejs.ConnectionTimeoutError: Connect timeout for 5000ms, GET https://hacker-news.firebaseio.com/v0/topstories.json -2 (connected: false, keepalive socket: false, agent status: {"createSocketCount":2,"createSocketErrorCount":0,"closeSocketCount":1,"errorSocketCount":0,"timeoutSocketCount":0,"requestCount":0,"freeSockets":{},"sockets":{"hacker-news.firebaseio.com:443:::::::::":1},"requests":{}}, socketHandledRequests: 1, socketHandledResponses: 0)
headers: {}
headers: {}
    at Timeout._onTimeout (/Users/didi/workspace-afterhours/egg-example/node_modules/urllib/lib/urllib.js:946:15)
    at ontimeout (timers.js:475:11)
    at tryOnTimeout (timers.js:310:5)
    at Timer.listOnTimeout (timers.js:270:5)
name: "ConnectionTimeoutError"
requestId: 1
data: undefined
path: "/v0/topstories.json?orderBy=%22%24key%22&startAt=%220%22&endAt=%224%22"
status: -2
headers: {}
res: {"status":-2,"statusCode":-2,"statusMessage":null,"headers":{},"size":0,"aborted":false,"rt":5019,"keepAliveSocket":false,"requestUrls":["https://hacker-news.firebaseio.com/v0/topstories.json"],"timing":null,"remoteAddress":"35.201.97.85","remotePort":"","socketHandledRequests":1,"socketHandledResponses":0}
headerSent: true
pid: 32872
hostname: bogon

2020-08-03 15:17:48,553 ERROR 32872 [-/127.0.0.1/-/5004ms GET /news] nodejs.ConnectionTimeoutError: Connect timeout for 5000ms, GET https://hacker-news.firebaseio.com/v0/topstories.json -2 (connected: false, keepalive socket: false, agent status: {"createSocketCount":2,"createSocketErrorCount":0,"closeSocketCount":2,"errorSocketCount":0,"timeoutSocketCount":0,"requestCount":0,"freeSockets":{},"sockets":{},"requests":{}}, socketHandledRequests: 1, socketHandledResponses: 0)
headers: {}
headers: {}
    at Timeout._onTimeout (/Users/didi/workspace-afterhours/egg-example/node_modules/urllib/lib/urllib.js:946:15)
    at ontimeout (timers.js:475:11)
    at tryOnTimeout (timers.js:310:5)
    at Timer.listOnTimeout (timers.js:270:5)
name: "ConnectionTimeoutError"
requestId: 2
data: undefined
path: "/v0/topstories.json?orderBy=%22%24key%22&startAt=%220%22&endAt=%224%22"
status: -2
headers: {}
res: {"status":-2,"statusCode":-2,"statusMessage":null,"headers":{},"size":0,"aborted":false,"rt":5003,"keepAliveSocket":false,"requestUrls":["https://hacker-news.firebaseio.com/v0/topstories.json"],"timing":null,"remoteAddress":"35.201.97.85","remotePort":"","socketHandledRequests":1,"socketHandledResponses":0}
pid: 32872
hostname: bogon

2020-08-03 15:18:01,390 ERROR 32872 [-/127.0.0.1/-/5008ms GET /news] nodejs.ConnectionTimeoutError: Connect timeout for 5000ms, GET https://hacker-news.firebaseio.com/v0/topstories.json -2 (connected: false, keepalive socket: false, agent status: {"createSocketCount":3,"createSocketErrorCount":0,"closeSocketCount":3,"errorSocketCount":0,"timeoutSocketCount":0,"requestCount":0,"freeSockets":{},"sockets":{},"requests":{}}, socketHandledRequests: 1, socketHandledResponses: 0)
headers: {}
headers: {}
    at Timeout._onTimeout (/Users/didi/workspace-afterhours/egg-example/node_modules/urllib/lib/urllib.js:946:15)
    at ontimeout (timers.js:475:11)
    at tryOnTimeout (timers.js:310:5)
    at Timer.listOnTimeout (timers.js:270:5)
name: "ConnectionTimeoutError"
requestId: 3
data: undefined
path: "/v0/topstories.json?orderBy=%22%24key%22&startAt=%220%22&endAt=%224%22"
status: -2
headers: {}
res: {"status":-2,"statusCode":-2,"statusMessage":null,"headers":{},"size":0,"aborted":false,"rt":5007,"keepAliveSocket":false,"requestUrls":["https://hacker-news.firebaseio.com/v0/topstories.json"],"timing":null,"remoteAddress":"35.201.97.85","remotePort":"","socketHandledRequests":1,"socketHandledResponses":0}
pid: 32872
hostname: bogon

2020-08-03 15:18:17,045 ERROR 32872 [-/127.0.0.1/-/5008ms GET /news] nodejs.ConnectionTimeoutError: Connect timeout for 5000ms, GET https://hacker-news.firebaseio.com/v0/topstories.json -2 (connected: false, keepalive socket: false, agent status: {"createSocketCount":4,"createSocketErrorCount":0,"closeSocketCount":4,"errorSocketCount":0,"timeoutSocketCount":0,"requestCount":0,"freeSockets":{},"sockets":{},"requests":{}}, socketHandledRequests: 1, socketHandledResponses: 0)
headers: {}
headers: {}
    at Timeout._onTimeout (/Users/didi/workspace-afterhours/egg-example/node_modules/urllib/lib/urllib.js:946:15)
    at ontimeout (timers.js:475:11)
    at tryOnTimeout (timers.js:310:5)
    at Timer.listOnTimeout (timers.js:270:5)
name: "ConnectionTimeoutError"
requestId: 4
data: undefined
path: "/v0/topstories.json?orderBy=%22%24key%22&startAt=%220%22&endAt=%224%22"
status: -2
headers: {}
res: {"status":-2,"statusCode":-2,"statusMessage":null,"headers":{},"size":0,"aborted":false,"rt":5006,"keepAliveSocket":false,"requestUrls":["https://hacker-news.firebaseio.com/v0/topstories.json"],"timing":null,"remoteAddress":"35.201.97.85","remotePort":"","socketHandledRequests":1,"socketHandledResponses":0}
pid: 32872
hostname: bogon

2020-08-03 16:01:18,384 ERROR 32199 nodejs.ClusterClientNoResponseError: client no response in 196746ms exceeding maxIdleTime 60000ms, maybe the connection is close on other side.
    at Timeout.Leader._heartbeatTimer.setInterval [as _onTimeout] (/Users/didi/workspace-afterhours/egg-example/node_modules/cluster-client/lib/leader.js:77:23)
    at ontimeout (timers.js:475:11)
    at tryOnTimeout (timers.js:310:5)
    at Timer.listOnTimeout (timers.js:270:5)
name: "ClusterClientNoResponseError"
pid: 32199
hostname: bogon

2020-08-03 17:04:09,975 ERROR 32199 nodejs.ClusterClientNoResponseError: client no response in 170885ms exceeding maxIdleTime 60000ms, maybe the connection is close on other side.
    at Timeout.Leader._heartbeatTimer.setInterval [as _onTimeout] (/Users/didi/workspace-afterhours/egg-example/node_modules/cluster-client/lib/leader.js:77:23)
    at ontimeout (timers.js:475:11)
    at tryOnTimeout (timers.js:310:5)
    at Timer.listOnTimeout (timers.js:270:5)
name: "ClusterClientNoResponseError"
pid: 32199
hostname: bogon

2020-08-04 16:14:37,083 ERROR 72233 [-/127.0.0.1/-/6ms GET /] nodejs.ReferenceError: ctx is not defined
    at HomeController.index (/Users/didi/workspace-afterhours/egg-todomvc/app/controller/home.js:5:9)
    at Object.callFn (/Users/didi/workspace-afterhours/egg-todomvc/node_modules/egg-core/lib/utils/index.js:44:21)
    at Object.classControllerMiddleware (/Users/didi/workspace-afterhours/egg-todomvc/node_modules/egg-core/lib/loader/mixin/controller.js:87:20)
    at Object.callFn (/Users/didi/workspace-afterhours/egg-todomvc/node_modules/@eggjs/router/lib/utils.js:12:21)
    at wrappedController (/Users/didi/workspace-afterhours/egg-todomvc/node_modules/@eggjs/router/lib/egg_router.js:322:18)
    at dispatch (/Users/didi/workspace-afterhours/egg-todomvc/node_modules/koa-compose/index.js:44:32)
    at next (/Users/didi/workspace-afterhours/egg-todomvc/node_modules/koa-compose/index.js:45:18)
    at /Users/didi/workspace-afterhours/egg-todomvc/node_modules/@eggjs/router/lib/router.js:190:18
    at dispatch (/Users/didi/workspace-afterhours/egg-todomvc/node_modules/koa-compose/index.js:44:32)
    at /Users/didi/workspace-afterhours/egg-todomvc/node_modules/koa-compose/index.js:36:12

pid: 72233
hostname: bogon

2020-08-04 16:28:43,597 ERROR 73063 [-/127.0.0.1/-/6ms GET /api/todo] nodejs.TypeError: Cannot read property 'Todo' of undefined
    at TodoService.index (/Users/didi/workspace-afterhours/egg-todomvc/app/service/todo.js:5:37)
    at TodoController.index (/Users/didi/workspace-afterhours/egg-todomvc/app/controller/todo.js:6:49)
    at Object.callFn (/Users/didi/workspace-afterhours/egg-todomvc/node_modules/egg-core/lib/utils/index.js:44:21)
    at Object.classControllerMiddleware (/Users/didi/workspace-afterhours/egg-todomvc/node_modules/egg-core/lib/loader/mixin/controller.js:87:20)
    at Object.callFn (/Users/didi/workspace-afterhours/egg-todomvc/node_modules/@eggjs/router/lib/utils.js:12:21)
    at wrappedController (/Users/didi/workspace-afterhours/egg-todomvc/node_modules/@eggjs/router/lib/egg_router.js:322:18)
    at dispatch (/Users/didi/workspace-afterhours/egg-todomvc/node_modules/koa-compose/index.js:44:32)
    at next (/Users/didi/workspace-afterhours/egg-todomvc/node_modules/koa-compose/index.js:45:18)
    at /Users/didi/workspace-afterhours/egg-todomvc/node_modules/@eggjs/router/lib/router.js:190:18
    at dispatch (/Users/didi/workspace-afterhours/egg-todomvc/node_modules/koa-compose/index.js:44:32)

pid: 73063
hostname: bogon

2020-08-04 16:32:30,782 ERROR 73300 [-/127.0.0.1/-/8ms GET /api/todo] nodejs.TypeError: this.ctx.model.Todo.findAll is not a function
    at TodoService.index (/Users/didi/workspace-afterhours/egg-todomvc/app/service/todo.js:5:42)
    at TodoController.index (/Users/didi/workspace-afterhours/egg-todomvc/app/controller/todo.js:6:49)
    at Object.callFn (/Users/didi/workspace-afterhours/egg-todomvc/node_modules/egg-core/lib/utils/index.js:44:21)
    at Object.classControllerMiddleware (/Users/didi/workspace-afterhours/egg-todomvc/node_modules/egg-core/lib/loader/mixin/controller.js:87:20)
    at Object.callFn (/Users/didi/workspace-afterhours/egg-todomvc/node_modules/@eggjs/router/lib/utils.js:12:21)
    at wrappedController (/Users/didi/workspace-afterhours/egg-todomvc/node_modules/@eggjs/router/lib/egg_router.js:322:18)
    at dispatch (/Users/didi/workspace-afterhours/egg-todomvc/node_modules/koa-compose/index.js:44:32)
    at next (/Users/didi/workspace-afterhours/egg-todomvc/node_modules/koa-compose/index.js:45:18)
    at /Users/didi/workspace-afterhours/egg-todomvc/node_modules/@eggjs/router/lib/router.js:190:18
    at dispatch (/Users/didi/workspace-afterhours/egg-todomvc/node_modules/koa-compose/index.js:44:32)
    at /Users/didi/workspace-afterhours/egg-todomvc/node_modules/koa-compose/index.js:36:12
    at dispatch (/Users/didi/workspace-afterhours/egg-todomvc/node_modules/@eggjs/router/lib/router.js:195:33)
    at dispatch (/Users/didi/workspace-afterhours/egg-todomvc/node_modules/koa/node_modules/koa-compose/index.js:42:32)
    at /Users/didi/workspace-afterhours/egg-todomvc/node_modules/egg-development/app/middleware/egg_loader_trace.js:9:56
    at dispatch (/Users/didi/workspace-afterhours/egg-todomvc/node_modules/koa/node_modules/koa-compose/index.js:42:32)
    at i18n (/Users/didi/workspace-afterhours/egg-todomvc/node_modules/egg-i18n/app/middleware/i18n.js:13:12)

pid: 73300
hostname: bogon

2020-08-04 16:34:57,231 ERROR 73448 [-/127.0.0.1/-/7ms GET /api/todo] nodejs.TypeError: Cannot read property 'find' of undefined
    at TodoService.index (/Users/didi/workspace-afterhours/egg-todomvc/app/service/todo.js:5:50)
    at TodoController.index (/Users/didi/workspace-afterhours/egg-todomvc/app/controller/todo.js:6:49)
    at Object.callFn (/Users/didi/workspace-afterhours/egg-todomvc/node_modules/egg-core/lib/utils/index.js:44:21)
    at Object.classControllerMiddleware (/Users/didi/workspace-afterhours/egg-todomvc/node_modules/egg-core/lib/loader/mixin/controller.js:87:20)
    at Object.callFn (/Users/didi/workspace-afterhours/egg-todomvc/node_modules/@eggjs/router/lib/utils.js:12:21)
    at wrappedController (/Users/didi/workspace-afterhours/egg-todomvc/node_modules/@eggjs/router/lib/egg_router.js:322:18)
    at dispatch (/Users/didi/workspace-afterhours/egg-todomvc/node_modules/koa-compose/index.js:44:32)
    at next (/Users/didi/workspace-afterhours/egg-todomvc/node_modules/koa-compose/index.js:45:18)
    at /Users/didi/workspace-afterhours/egg-todomvc/node_modules/@eggjs/router/lib/router.js:190:18
    at dispatch (/Users/didi/workspace-afterhours/egg-todomvc/node_modules/koa-compose/index.js:44:32)
    at /Users/didi/workspace-afterhours/egg-todomvc/node_modules/koa-compose/index.js:36:12
    at dispatch (/Users/didi/workspace-afterhours/egg-todomvc/node_modules/@eggjs/router/lib/router.js:195:33)
    at dispatch (/Users/didi/workspace-afterhours/egg-todomvc/node_modules/koa/node_modules/koa-compose/index.js:42:32)
    at /Users/didi/workspace-afterhours/egg-todomvc/node_modules/egg-development/app/middleware/egg_loader_trace.js:9:56
    at dispatch (/Users/didi/workspace-afterhours/egg-todomvc/node_modules/koa/node_modules/koa-compose/index.js:42:32)
    at i18n (/Users/didi/workspace-afterhours/egg-todomvc/node_modules/egg-i18n/app/middleware/i18n.js:13:12)

pid: 73448
hostname: bogon

2020-08-04 17:12:07,141 ERROR 75554 [-/127.0.0.1/-/16ms POST /api/todo] nodejs.ValidationError: Todo validation failed: title: Cast to string failed for value "{ request: 
   { method: 'POST',
     url: '/api/todo',
     header: 
      { host: '127.0.0.1:7001',
        connection: 'keep-alive',
        'content-length': '38',
        pragma: 'no-cache',
        'cache-control': 'no-cache',
        accept: 'application/json, text/plain, */*',
        'x-csrf-token': 'vMo6huQey0HkkBbqzw2VCmIW',
        'user-agent': 'Mozilla/5.0 (Macintosh; Intel Mac OS X 10_15_3) AppleWebKit/537.36 (KHTML, like Gecko) Chrome/84.0.4147.105 Safari/537.36',
        'content-type': 'application/json;charset=UTF-8',
        origin: 'http://127.0.0.1:7001',
        'sec-fetch-site': 'same-origin',
        'sec-fetch-mode': 'cors',
        'sec-fetch-dest': 'empty',
        referer: 'http://127.0.0.1:7001/',
        'accept-encoding': 'gzip, deflate, br',
        'accept-language': 'zh-CN,zh;q=0.9',
        cookie: '_OMGIDKEY=294e0652-90b9-46e4-971a-1edd31700721; _OMGID=28ac1f02-e881-44eb-8ea4-62ae38040559; csrfToken=vMo6huQey0HkkBbqzw2VCmIW' } },
  response: { status: 404, message: 'Not Found', header: {} },
  app: 
   { env: 'local',
     name: 'egg-example',
     baseDir: '/Users/didi/workspace-afterhours/egg-todomvc',
     subdomainOffset: 2,
     config: '<egg config>',
     controller: '<egg controller>',
     httpclient: '<egg httpclient>',
     loggers: '<egg loggers>',
     middlewares: '<egg middlewares>',
     router: '<egg router>',
     serviceClasses: '<egg serviceClasses>' },
  originalUrl: '/api/todo',
  req: '<original node req>',
  res: '<original node res>',
  socket: '<original node socket>' }" at path "title"
   { method: 'POST',
     url: '/api/todo',
     header: 
      { host: '127.0.0.1:7001',
        connection: 'keep-alive',
        'content-length': '38',
        pragma: 'no-cache',
        'cache-control': 'no-cache',
        accept: 'application/json, text/plain, */*',
        'x-csrf-token': 'vMo6huQey0HkkBbqzw2VCmIW',
        'user-agent': 'Mozilla/5.0 (Macintosh; Intel Mac OS X 10_15_3) AppleWebKit/537.36 (KHTML, like Gecko) Chrome/84.0.4147.105 Safari/537.36',
        'content-type': 'application/json;charset=UTF-8',
        origin: 'http://127.0.0.1:7001',
        'sec-fetch-site': 'same-origin',
        'sec-fetch-mode': 'cors',
        'sec-fetch-dest': 'empty',
        referer: 'http://127.0.0.1:7001/',
        'accept-encoding': 'gzip, deflate, br',
        'accept-language': 'zh-CN,zh;q=0.9',
        cookie: '_OMGIDKEY=294e0652-90b9-46e4-971a-1edd31700721; _OMGID=28ac1f02-e881-44eb-8ea4-62ae38040559; csrfToken=vMo6huQey0HkkBbqzw2VCmIW' } },
  response: { status: 404, message: 'Not Found', header: {} },
  app: 
   { env: 'local',
     name: 'egg-example',
     baseDir: '/Users/didi/workspace-afterhours/egg-todomvc',
     subdomainOffset: 2,
     config: '<egg config>',
     controller: '<egg controller>',
     httpclient: '<egg httpclient>',
     loggers: '<egg loggers>',
     middlewares: '<egg middlewares>',
     router: '<egg router>',
     serviceClasses: '<egg serviceClasses>' },
  originalUrl: '/api/todo',
  req: '<original node req>',
  res: '<original node res>',
  socket: '<original node socket>' }" at path "title"
    at model.Document.invalidate (/Users/didi/workspace-afterhours/egg-todomvc/node_modules/mongoose/lib/document.js:2579:32)
    at model.$set (/Users/didi/workspace-afterhours/egg-todomvc/node_modules/mongoose/lib/document.js:1251:12)
    at model._handleIndex (/Users/didi/workspace-afterhours/egg-todomvc/node_modules/mongoose/lib/document.js:980:14)
    at model.$set (/Users/didi/workspace-afterhours/egg-todomvc/node_modules/mongoose/lib/document.js:921:22)
    at model.Document (/Users/didi/workspace-afterhours/egg-todomvc/node_modules/mongoose/lib/document.js:140:12)
    at model.Model (/Users/didi/workspace-afterhours/egg-todomvc/node_modules/mongoose/lib/model.js:106:12)
    at new model (/Users/didi/workspace-afterhours/egg-todomvc/node_modules/mongoose/lib/model.js:4667:15)
    at toExecute.push.callback (/Users/didi/workspace-afterhours/egg-todomvc/node_modules/mongoose/lib/model.js:3036:22)
    at toExecute.forEach (/Users/didi/workspace-afterhours/egg-todomvc/node_modules/mongoose/lib/model.js:3072:7)
    at Array.forEach (<anonymous>)
    at cb (/Users/didi/workspace-afterhours/egg-todomvc/node_modules/mongoose/lib/model.js:3071:15)
    at Promise (/Users/didi/workspace-afterhours/egg-todomvc/node_modules/mongoose/lib/helpers/promiseOrCallback.js:31:5)
    at new Promise (<anonymous>)
    at promiseOrCallback (/Users/didi/workspace-afterhours/egg-todomvc/node_modules/mongoose/lib/helpers/promiseOrCallback.js:30:10)
    at Function.create (/Users/didi/workspace-afterhours/egg-todomvc/node_modules/mongoose/lib/model.js:3006:10)
    at TodoService.create (/Users/didi/workspace-afterhours/egg-todomvc/app/service/todo.js:11:50)
errors: {"title":{"stringValue":"\"{ request: \n   { method: 'POST',\n     url: '/api/todo',\n     header: \n      { host: '127.0.0.1:7001',\n        connection: 'keep-alive',\n        'content-length': '38',\n        pragma: 'no-cache',\n        'cache-control': 'no-cache',\n        accept: 'application/json, text/plain, */*',\n        'x-csrf-token': 'vMo6huQey0HkkBbqzw2VCmIW',\n        'user-agent': 'Mozilla/5.0 (Macintosh; Intel Mac OS X 10_15_3) AppleWebKit/537.36 (KHTML, like Gecko) Chrome/84.0.4147.105 Safari/537.36',\n        'content-type': 'application/json;charset=UTF-8',\n        origin: 'http://127.0.0.1:7001',\n        'sec-fetch-site': 'same-origin',\n        'sec-fetch-mode': 'cors',\n        'sec-fetch-dest': 'empty',\n        referer: 'http://127.0.0.1:7001/',\n        'accept-encoding': 'gzip, deflate, br',\n        'accept-language': 'zh-CN,zh;q=0.9',\n        cookie: '_OMGIDKEY=294e0652-90b9-46e4-971a-1edd31700721; _OMGID=28ac1f02-e881-44eb-8ea4-62ae38040559; csrfToken=vMo6huQey0HkkBbqzw2VCmIW' } },\n  response: { status: 404, message: 'Not Found', header: {} },\n  app: \n   { env: 'local',\n     name: 'egg-example',\n     baseDir: '/Users/didi/workspace-afterhours/egg-todomvc',\n     subdomainOffset: 2,\n     config: '<egg config>',\n     controller: '<egg controller>',\n     httpclient: '<egg httpclient>',\n     loggers: '<egg loggers>',\n     middlewares: '<egg middlewares>',\n     router: '<egg router>',\n     serviceClasses: '<egg serviceClasses>' },\n  originalUrl: '/api/todo',\n  req: '<original node req>',\n  res: '<original node res>',\n  socket: '<original node socket>' }\"","kind":"string","value":{"request":{"method":"POST","url":"/api/todo","header":{"host":"127.0.0.1:7001","connection":"keep-alive","content-length":"38","pragma":"no-cache","cache-control":"no-cache","accept":"application/json, text/plain, */*","x-csrf-token":"vMo6huQey0HkkBbqzw2VCmIW","user-agent":"Mozilla/5.0 (Macintosh; Intel Mac OS X 10_15_3) AppleWebKit/537.36 (KHTML, like Gecko) Chrome/84.0.4147.105 Safari/537.36","content-type":"application/json;charset=UTF-8","origin":"http://127.0.0.1:7001","sec-fetch-site":"same-origin","sec-fetch-mode":"cors","sec-fetch-dest":"empty","referer":"http://127.0.0.1:7001/","accept-encoding":"gzip, deflate, br","accept-language":"zh-CN,zh;q=0.9","cookie":"_OMGIDKEY=294e0652-90b9-46e4-971a-1edd31700721; _OMGID=28ac1f02-e881-44eb-8ea4-62ae38040559; csrfToken=vMo6huQey0HkkBbqzw2VCmIW"}},"response":{"status":404,"message":"Not Found","header":{}},"app":{"env":"local","name":"egg-example","baseDir":"/Users/didi/workspace-afterhours/egg-todomvc","subdomainOffset":2,"config":"<egg config>","controller":"<egg controller>","httpclient":"<egg httpclient>","loggers":"<egg loggers>","middlewares":"<egg middlewares>","router":"<egg router>","serviceClasses":"<egg serviceClasses>"},"originalUrl":"/api/todo","req":"<original node req>","res":"<original node res>","socket":"<original node socket>"},"path":"title","reason":null}}
_message: "Todo validation failed"
pid: 75554
hostname: bogon

2020-08-04 17:13:13,067 ERROR 75755 [-/127.0.0.1/-/36ms POST /api/todo] nodejs.ValidationError: Todo validation failed: title: Cast to string failed for value "{ request: 
   { method: 'POST',
     url: '/api/todo',
     header: 
      { host: '127.0.0.1:7001',
        connection: 'keep-alive',
        'content-length': '38',
        pragma: 'no-cache',
        'cache-control': 'no-cache',
        accept: 'application/json, text/plain, */*',
        'x-csrf-token': 'vMo6huQey0HkkBbqzw2VCmIW',
        'user-agent': 'Mozilla/5.0 (Macintosh; Intel Mac OS X 10_15_3) AppleWebKit/537.36 (KHTML, like Gecko) Chrome/84.0.4147.105 Safari/537.36',
        'content-type': 'application/json;charset=UTF-8',
        origin: 'http://127.0.0.1:7001',
        'sec-fetch-site': 'same-origin',
        'sec-fetch-mode': 'cors',
        'sec-fetch-dest': 'empty',
        referer: 'http://127.0.0.1:7001/',
        'accept-encoding': 'gzip, deflate, br',
        'accept-language': 'zh-CN,zh;q=0.9',
        cookie: '_OMGIDKEY=294e0652-90b9-46e4-971a-1edd31700721; _OMGID=28ac1f02-e881-44eb-8ea4-62ae38040559; csrfToken=vMo6huQey0HkkBbqzw2VCmIW' } },
  response: { status: 404, message: 'Not Found', header: {} },
  app: 
   { env: 'local',
     name: 'egg-example',
     baseDir: '/Users/didi/workspace-afterhours/egg-todomvc',
     subdomainOffset: 2,
     config: '<egg config>',
     controller: '<egg controller>',
     httpclient: '<egg httpclient>',
     loggers: '<egg loggers>',
     middlewares: '<egg middlewares>',
     router: '<egg router>',
     serviceClasses: '<egg serviceClasses>' },
  originalUrl: '/api/todo',
  req: '<original node req>',
  res: '<original node res>',
  socket: '<original node socket>' }" at path "title"
   { method: 'POST',
     url: '/api/todo',
     header: 
      { host: '127.0.0.1:7001',
        connection: 'keep-alive',
        'content-length': '38',
        pragma: 'no-cache',
        'cache-control': 'no-cache',
        accept: 'application/json, text/plain, */*',
        'x-csrf-token': 'vMo6huQey0HkkBbqzw2VCmIW',
        'user-agent': 'Mozilla/5.0 (Macintosh; Intel Mac OS X 10_15_3) AppleWebKit/537.36 (KHTML, like Gecko) Chrome/84.0.4147.105 Safari/537.36',
        'content-type': 'application/json;charset=UTF-8',
        origin: 'http://127.0.0.1:7001',
        'sec-fetch-site': 'same-origin',
        'sec-fetch-mode': 'cors',
        'sec-fetch-dest': 'empty',
        referer: 'http://127.0.0.1:7001/',
        'accept-encoding': 'gzip, deflate, br',
        'accept-language': 'zh-CN,zh;q=0.9',
        cookie: '_OMGIDKEY=294e0652-90b9-46e4-971a-1edd31700721; _OMGID=28ac1f02-e881-44eb-8ea4-62ae38040559; csrfToken=vMo6huQey0HkkBbqzw2VCmIW' } },
  response: { status: 404, message: 'Not Found', header: {} },
  app: 
   { env: 'local',
     name: 'egg-example',
     baseDir: '/Users/didi/workspace-afterhours/egg-todomvc',
     subdomainOffset: 2,
     config: '<egg config>',
     controller: '<egg controller>',
     httpclient: '<egg httpclient>',
     loggers: '<egg loggers>',
     middlewares: '<egg middlewares>',
     router: '<egg router>',
     serviceClasses: '<egg serviceClasses>' },
  originalUrl: '/api/todo',
  req: '<original node req>',
  res: '<original node res>',
  socket: '<original node socket>' }" at path "title"
    at model.Document.invalidate (/Users/didi/workspace-afterhours/egg-todomvc/node_modules/mongoose/lib/document.js:2579:32)
    at model.$set (/Users/didi/workspace-afterhours/egg-todomvc/node_modules/mongoose/lib/document.js:1251:12)
    at model._handleIndex (/Users/didi/workspace-afterhours/egg-todomvc/node_modules/mongoose/lib/document.js:980:14)
    at model.$set (/Users/didi/workspace-afterhours/egg-todomvc/node_modules/mongoose/lib/document.js:921:22)
    at model.Document (/Users/didi/workspace-afterhours/egg-todomvc/node_modules/mongoose/lib/document.js:140:12)
    at model.Model (/Users/didi/workspace-afterhours/egg-todomvc/node_modules/mongoose/lib/model.js:106:12)
    at new model (/Users/didi/workspace-afterhours/egg-todomvc/node_modules/mongoose/lib/model.js:4667:15)
    at toExecute.push.callback (/Users/didi/workspace-afterhours/egg-todomvc/node_modules/mongoose/lib/model.js:3036:22)
    at toExecute.forEach (/Users/didi/workspace-afterhours/egg-todomvc/node_modules/mongoose/lib/model.js:3072:7)
    at Array.forEach (<anonymous>)
    at cb (/Users/didi/workspace-afterhours/egg-todomvc/node_modules/mongoose/lib/model.js:3071:15)
    at Promise (/Users/didi/workspace-afterhours/egg-todomvc/node_modules/mongoose/lib/helpers/promiseOrCallback.js:31:5)
    at new Promise (<anonymous>)
    at promiseOrCallback (/Users/didi/workspace-afterhours/egg-todomvc/node_modules/mongoose/lib/helpers/promiseOrCallback.js:30:10)
    at Function.create (/Users/didi/workspace-afterhours/egg-todomvc/node_modules/mongoose/lib/model.js:3006:10)
    at TodoService.create (/Users/didi/workspace-afterhours/egg-todomvc/app/service/todo.js:11:50)
errors: {"title":{"stringValue":"\"{ request: \n   { method: 'POST',\n     url: '/api/todo',\n     header: \n      { host: '127.0.0.1:7001',\n        connection: 'keep-alive',\n        'content-length': '38',\n        pragma: 'no-cache',\n        'cache-control': 'no-cache',\n        accept: 'application/json, text/plain, */*',\n        'x-csrf-token': 'vMo6huQey0HkkBbqzw2VCmIW',\n        'user-agent': 'Mozilla/5.0 (Macintosh; Intel Mac OS X 10_15_3) AppleWebKit/537.36 (KHTML, like Gecko) Chrome/84.0.4147.105 Safari/537.36',\n        'content-type': 'application/json;charset=UTF-8',\n        origin: 'http://127.0.0.1:7001',\n        'sec-fetch-site': 'same-origin',\n        'sec-fetch-mode': 'cors',\n        'sec-fetch-dest': 'empty',\n        referer: 'http://127.0.0.1:7001/',\n        'accept-encoding': 'gzip, deflate, br',\n        'accept-language': 'zh-CN,zh;q=0.9',\n        cookie: '_OMGIDKEY=294e0652-90b9-46e4-971a-1edd31700721; _OMGID=28ac1f02-e881-44eb-8ea4-62ae38040559; csrfToken=vMo6huQey0HkkBbqzw2VCmIW' } },\n  response: { status: 404, message: 'Not Found', header: {} },\n  app: \n   { env: 'local',\n     name: 'egg-example',\n     baseDir: '/Users/didi/workspace-afterhours/egg-todomvc',\n     subdomainOffset: 2,\n     config: '<egg config>',\n     controller: '<egg controller>',\n     httpclient: '<egg httpclient>',\n     loggers: '<egg loggers>',\n     middlewares: '<egg middlewares>',\n     router: '<egg router>',\n     serviceClasses: '<egg serviceClasses>' },\n  originalUrl: '/api/todo',\n  req: '<original node req>',\n  res: '<original node res>',\n  socket: '<original node socket>' }\"","kind":"string","value":{"request":{"method":"POST","url":"/api/todo","header":{"host":"127.0.0.1:7001","connection":"keep-alive","content-length":"38","pragma":"no-cache","cache-control":"no-cache","accept":"application/json, text/plain, */*","x-csrf-token":"vMo6huQey0HkkBbqzw2VCmIW","user-agent":"Mozilla/5.0 (Macintosh; Intel Mac OS X 10_15_3) AppleWebKit/537.36 (KHTML, like Gecko) Chrome/84.0.4147.105 Safari/537.36","content-type":"application/json;charset=UTF-8","origin":"http://127.0.0.1:7001","sec-fetch-site":"same-origin","sec-fetch-mode":"cors","sec-fetch-dest":"empty","referer":"http://127.0.0.1:7001/","accept-encoding":"gzip, deflate, br","accept-language":"zh-CN,zh;q=0.9","cookie":"_OMGIDKEY=294e0652-90b9-46e4-971a-1edd31700721; _OMGID=28ac1f02-e881-44eb-8ea4-62ae38040559; csrfToken=vMo6huQey0HkkBbqzw2VCmIW"}},"response":{"status":404,"message":"Not Found","header":{}},"app":{"env":"local","name":"egg-example","baseDir":"/Users/didi/workspace-afterhours/egg-todomvc","subdomainOffset":2,"config":"<egg config>","controller":"<egg controller>","httpclient":"<egg httpclient>","loggers":"<egg loggers>","middlewares":"<egg middlewares>","router":"<egg router>","serviceClasses":"<egg serviceClasses>"},"originalUrl":"/api/todo","req":"<original node req>","res":"<original node res>","socket":"<original node socket>"},"path":"title","reason":null}}
_message: "Todo validation failed"
pid: 75755
hostname: bogon

2020-08-04 17:16:32,922 ERROR 76069 [-/127.0.0.1/-/14ms POST /api/todo] nodejs.ReferenceError: title is not defined
    at TodoService.create (/Users/didi/workspace-afterhours/egg-todomvc/app/service/todo.js:10:32)
    at TodoController.create (/Users/didi/workspace-afterhours/egg-todomvc/app/controller/todo.js:16:47)
    at Object.callFn (/Users/didi/workspace-afterhours/egg-todomvc/node_modules/egg-core/lib/utils/index.js:44:21)
    at Object.classControllerMiddleware (/Users/didi/workspace-afterhours/egg-todomvc/node_modules/egg-core/lib/loader/mixin/controller.js:87:20)
    at Object.callFn (/Users/didi/workspace-afterhours/egg-todomvc/node_modules/@eggjs/router/lib/utils.js:12:21)
    at wrappedController (/Users/didi/workspace-afterhours/egg-todomvc/node_modules/@eggjs/router/lib/egg_router.js:322:18)
    at dispatch (/Users/didi/workspace-afterhours/egg-todomvc/node_modules/koa-compose/index.js:44:32)
    at next (/Users/didi/workspace-afterhours/egg-todomvc/node_modules/koa-compose/index.js:45:18)
    at /Users/didi/workspace-afterhours/egg-todomvc/node_modules/@eggjs/router/lib/router.js:190:18
    at dispatch (/Users/didi/workspace-afterhours/egg-todomvc/node_modules/koa-compose/index.js:44:32)
    at /Users/didi/workspace-afterhours/egg-todomvc/node_modules/koa-compose/index.js:36:12
    at dispatch (/Users/didi/workspace-afterhours/egg-todomvc/node_modules/@eggjs/router/lib/router.js:195:33)
    at dispatch (/Users/didi/workspace-afterhours/egg-todomvc/node_modules/koa/node_modules/koa-compose/index.js:42:32)
    at /Users/didi/workspace-afterhours/egg-todomvc/node_modules/egg-development/app/middleware/egg_loader_trace.js:9:56
    at dispatch (/Users/didi/workspace-afterhours/egg-todomvc/node_modules/koa/node_modules/koa-compose/index.js:42:32)
    at i18n (/Users/didi/workspace-afterhours/egg-todomvc/node_modules/egg-i18n/app/middleware/i18n.js:13:12)

pid: 76069
hostname: bogon

2020-08-04 17:39:17,443 ERROR 76891 [-/127.0.0.1/-/4ms GET /] nodejs.Template render error: (/Users/didi/workspace-afterhours/egg-todomvc/app/view/todo/home.tpl) [Line 13, Column 64]
  expected variable end
  expected variable end
    at Object._prettifyError (/Users/didi/workspace-afterhours/egg-todomvc/node_modules/nunjucks/src/lib.js:36:11)
    at Template.render (/Users/didi/workspace-afterhours/egg-todomvc/node_modules/nunjucks/src/environment.js:536:21)
    at /Users/didi/workspace-afterhours/egg-todomvc/node_modules/nunjucks/src/environment.js:364:27
    at createTemplate (/Users/didi/workspace-afterhours/egg-todomvc/node_modules/nunjucks/src/environment.js:313:9)
    at handle (/Users/didi/workspace-afterhours/egg-todomvc/node_modules/nunjucks/src/environment.js:325:11)
    at /Users/didi/workspace-afterhours/egg-todomvc/node_modules/nunjucks/src/environment.js:337:9
    at next (/Users/didi/workspace-afterhours/egg-todomvc/node_modules/nunjucks/src/lib.js:326:7)
    at Object.asyncIter (/Users/didi/workspace-afterhours/egg-todomvc/node_modules/nunjucks/src/lib.js:332:3)
    at NunjucksEnvironment.getTemplate (/Users/didi/workspace-afterhours/egg-todomvc/node_modules/nunjucks/src/environment.js:319:9)
    at NunjucksEnvironment.render (/Users/didi/workspace-afterhours/egg-todomvc/node_modules/nunjucks/src/environment.js:358:10)
    at Promise (/Users/didi/workspace-afterhours/egg-todomvc/node_modules/egg-view-nunjucks/lib/view.js:13:25)
    at new Promise (<anonymous>)
    at NunjucksView.render (/Users/didi/workspace-afterhours/egg-todomvc/node_modules/egg-view-nunjucks/lib/view.js:12:12)
    at ContextView.[contextView#render] (/Users/didi/workspace-afterhours/egg-todomvc/node_modules/egg-view/lib/context_view.js:70:23)
    at <anonymous>
name: "Template render error"
pid: 76891
hostname: bogon

2020-08-04 17:39:31,218 ERROR 76891 [-/127.0.0.1/-/1ms GET /] nodejs.Template render error: (/Users/didi/workspace-afterhours/egg-todomvc/app/view/todo/home.tpl) [Line 13, Column 64]
  expected variable end
  expected variable end
    at Object._prettifyError (/Users/didi/workspace-afterhours/egg-todomvc/node_modules/nunjucks/src/lib.js:36:11)
    at Template.render (/Users/didi/workspace-afterhours/egg-todomvc/node_modules/nunjucks/src/environment.js:536:21)
    at /Users/didi/workspace-afterhours/egg-todomvc/node_modules/nunjucks/src/environment.js:364:27
    at createTemplate (/Users/didi/workspace-afterhours/egg-todomvc/node_modules/nunjucks/src/environment.js:313:9)
    at handle (/Users/didi/workspace-afterhours/egg-todomvc/node_modules/nunjucks/src/environment.js:325:11)
    at /Users/didi/workspace-afterhours/egg-todomvc/node_modules/nunjucks/src/environment.js:337:9
    at next (/Users/didi/workspace-afterhours/egg-todomvc/node_modules/nunjucks/src/lib.js:326:7)
    at Object.asyncIter (/Users/didi/workspace-afterhours/egg-todomvc/node_modules/nunjucks/src/lib.js:332:3)
    at NunjucksEnvironment.getTemplate (/Users/didi/workspace-afterhours/egg-todomvc/node_modules/nunjucks/src/environment.js:319:9)
    at NunjucksEnvironment.render (/Users/didi/workspace-afterhours/egg-todomvc/node_modules/nunjucks/src/environment.js:358:10)
    at Promise (/Users/didi/workspace-afterhours/egg-todomvc/node_modules/egg-view-nunjucks/lib/view.js:13:25)
    at new Promise (<anonymous>)
    at NunjucksView.render (/Users/didi/workspace-afterhours/egg-todomvc/node_modules/egg-view-nunjucks/lib/view.js:12:12)
    at ContextView.[contextView#render] (/Users/didi/workspace-afterhours/egg-todomvc/node_modules/egg-view/lib/context_view.js:70:23)
    at <anonymous>
name: "Template render error"
pid: 76891
hostname: bogon

2020-08-04 17:41:44,008 ERROR 76891 [-/127.0.0.1/-/1ms GET /] nodejs.Template render error: (/Users/didi/workspace-afterhours/egg-todomvc/app/view/todo/home.tpl) [Line 13, Column 65]
  expected variable end
  expected variable end
    at Object._prettifyError (/Users/didi/workspace-afterhours/egg-todomvc/node_modules/nunjucks/src/lib.js:36:11)
    at Template.render (/Users/didi/workspace-afterhours/egg-todomvc/node_modules/nunjucks/src/environment.js:536:21)
    at /Users/didi/workspace-afterhours/egg-todomvc/node_modules/nunjucks/src/environment.js:364:27
    at createTemplate (/Users/didi/workspace-afterhours/egg-todomvc/node_modules/nunjucks/src/environment.js:313:9)
    at handle (/Users/didi/workspace-afterhours/egg-todomvc/node_modules/nunjucks/src/environment.js:325:11)
    at /Users/didi/workspace-afterhours/egg-todomvc/node_modules/nunjucks/src/environment.js:337:9
    at next (/Users/didi/workspace-afterhours/egg-todomvc/node_modules/nunjucks/src/lib.js:326:7)
    at Object.asyncIter (/Users/didi/workspace-afterhours/egg-todomvc/node_modules/nunjucks/src/lib.js:332:3)
    at NunjucksEnvironment.getTemplate (/Users/didi/workspace-afterhours/egg-todomvc/node_modules/nunjucks/src/environment.js:319:9)
    at NunjucksEnvironment.render (/Users/didi/workspace-afterhours/egg-todomvc/node_modules/nunjucks/src/environment.js:358:10)
    at Promise (/Users/didi/workspace-afterhours/egg-todomvc/node_modules/egg-view-nunjucks/lib/view.js:13:25)
    at new Promise (<anonymous>)
    at NunjucksView.render (/Users/didi/workspace-afterhours/egg-todomvc/node_modules/egg-view-nunjucks/lib/view.js:12:12)
    at ContextView.[contextView#render] (/Users/didi/workspace-afterhours/egg-todomvc/node_modules/egg-view/lib/context_view.js:70:23)
    at <anonymous>
name: "Template render error"
pid: 76891
hostname: bogon

2020-08-04 17:41:44,812 ERROR 76891 [-/127.0.0.1/-/3ms GET /] nodejs.Template render error: (/Users/didi/workspace-afterhours/egg-todomvc/app/view/todo/home.tpl) [Line 13, Column 65]
  expected variable end
  expected variable end
    at Object._prettifyError (/Users/didi/workspace-afterhours/egg-todomvc/node_modules/nunjucks/src/lib.js:36:11)
    at Template.render (/Users/didi/workspace-afterhours/egg-todomvc/node_modules/nunjucks/src/environment.js:536:21)
    at /Users/didi/workspace-afterhours/egg-todomvc/node_modules/nunjucks/src/environment.js:364:27
    at createTemplate (/Users/didi/workspace-afterhours/egg-todomvc/node_modules/nunjucks/src/environment.js:313:9)
    at handle (/Users/didi/workspace-afterhours/egg-todomvc/node_modules/nunjucks/src/environment.js:325:11)
    at /Users/didi/workspace-afterhours/egg-todomvc/node_modules/nunjucks/src/environment.js:337:9
    at next (/Users/didi/workspace-afterhours/egg-todomvc/node_modules/nunjucks/src/lib.js:326:7)
    at Object.asyncIter (/Users/didi/workspace-afterhours/egg-todomvc/node_modules/nunjucks/src/lib.js:332:3)
    at NunjucksEnvironment.getTemplate (/Users/didi/workspace-afterhours/egg-todomvc/node_modules/nunjucks/src/environment.js:319:9)
    at NunjucksEnvironment.render (/Users/didi/workspace-afterhours/egg-todomvc/node_modules/nunjucks/src/environment.js:358:10)
    at Promise (/Users/didi/workspace-afterhours/egg-todomvc/node_modules/egg-view-nunjucks/lib/view.js:13:25)
    at new Promise (<anonymous>)
    at NunjucksView.render (/Users/didi/workspace-afterhours/egg-todomvc/node_modules/egg-view-nunjucks/lib/view.js:12:12)
    at ContextView.[contextView#render] (/Users/didi/workspace-afterhours/egg-todomvc/node_modules/egg-view/lib/context_view.js:70:23)
    at <anonymous>
name: "Template render error"
pid: 76891
hostname: bogon

2020-08-04 17:41:45,062 ERROR 76891 [-/127.0.0.1/-/1ms GET /] nodejs.Template render error: (/Users/didi/workspace-afterhours/egg-todomvc/app/view/todo/home.tpl) [Line 13, Column 65]
  expected variable end
  expected variable end
    at Object._prettifyError (/Users/didi/workspace-afterhours/egg-todomvc/node_modules/nunjucks/src/lib.js:36:11)
    at Template.render (/Users/didi/workspace-afterhours/egg-todomvc/node_modules/nunjucks/src/environment.js:536:21)
    at /Users/didi/workspace-afterhours/egg-todomvc/node_modules/nunjucks/src/environment.js:364:27
    at createTemplate (/Users/didi/workspace-afterhours/egg-todomvc/node_modules/nunjucks/src/environment.js:313:9)
    at handle (/Users/didi/workspace-afterhours/egg-todomvc/node_modules/nunjucks/src/environment.js:325:11)
    at /Users/didi/workspace-afterhours/egg-todomvc/node_modules/nunjucks/src/environment.js:337:9
    at next (/Users/didi/workspace-afterhours/egg-todomvc/node_modules/nunjucks/src/lib.js:326:7)
    at Object.asyncIter (/Users/didi/workspace-afterhours/egg-todomvc/node_modules/nunjucks/src/lib.js:332:3)
    at NunjucksEnvironment.getTemplate (/Users/didi/workspace-afterhours/egg-todomvc/node_modules/nunjucks/src/environment.js:319:9)
    at NunjucksEnvironment.render (/Users/didi/workspace-afterhours/egg-todomvc/node_modules/nunjucks/src/environment.js:358:10)
    at Promise (/Users/didi/workspace-afterhours/egg-todomvc/node_modules/egg-view-nunjucks/lib/view.js:13:25)
    at new Promise (<anonymous>)
    at NunjucksView.render (/Users/didi/workspace-afterhours/egg-todomvc/node_modules/egg-view-nunjucks/lib/view.js:12:12)
    at ContextView.[contextView#render] (/Users/didi/workspace-afterhours/egg-todomvc/node_modules/egg-view/lib/context_view.js:70:23)
    at <anonymous>
name: "Template render error"
pid: 76891
hostname: bogon

2020-08-04 17:41:45,294 ERROR 76891 [-/127.0.0.1/-/1ms GET /] nodejs.Template render error: (/Users/didi/workspace-afterhours/egg-todomvc/app/view/todo/home.tpl) [Line 13, Column 65]
  expected variable end
  expected variable end
    at Object._prettifyError (/Users/didi/workspace-afterhours/egg-todomvc/node_modules/nunjucks/src/lib.js:36:11)
    at Template.render (/Users/didi/workspace-afterhours/egg-todomvc/node_modules/nunjucks/src/environment.js:536:21)
    at /Users/didi/workspace-afterhours/egg-todomvc/node_modules/nunjucks/src/environment.js:364:27
    at createTemplate (/Users/didi/workspace-afterhours/egg-todomvc/node_modules/nunjucks/src/environment.js:313:9)
    at handle (/Users/didi/workspace-afterhours/egg-todomvc/node_modules/nunjucks/src/environment.js:325:11)
    at /Users/didi/workspace-afterhours/egg-todomvc/node_modules/nunjucks/src/environment.js:337:9
    at next (/Users/didi/workspace-afterhours/egg-todomvc/node_modules/nunjucks/src/lib.js:326:7)
    at Object.asyncIter (/Users/didi/workspace-afterhours/egg-todomvc/node_modules/nunjucks/src/lib.js:332:3)
    at NunjucksEnvironment.getTemplate (/Users/didi/workspace-afterhours/egg-todomvc/node_modules/nunjucks/src/environment.js:319:9)
    at NunjucksEnvironment.render (/Users/didi/workspace-afterhours/egg-todomvc/node_modules/nunjucks/src/environment.js:358:10)
    at Promise (/Users/didi/workspace-afterhours/egg-todomvc/node_modules/egg-view-nunjucks/lib/view.js:13:25)
    at new Promise (<anonymous>)
    at NunjucksView.render (/Users/didi/workspace-afterhours/egg-todomvc/node_modules/egg-view-nunjucks/lib/view.js:12:12)
    at ContextView.[contextView#render] (/Users/didi/workspace-afterhours/egg-todomvc/node_modules/egg-view/lib/context_view.js:70:23)
    at <anonymous>
name: "Template render error"
pid: 76891
hostname: bogon

2020-08-04 18:52:14,317 ERROR 75553 nodejs.ClusterClientNoResponseError: client no response in 108392ms exceeding maxIdleTime 60000ms, maybe the connection is close on other side.
    at Timeout.Leader._heartbeatTimer.setInterval [as _onTimeout] (/Users/didi/workspace-afterhours/egg-todomvc/node_modules/cluster-client/lib/leader.js:77:23)
    at ontimeout (timers.js:475:11)
    at tryOnTimeout (timers.js:310:5)
    at Timer.listOnTimeout (timers.js:270:5)
name: "ClusterClientNoResponseError"
pid: 75553
hostname: bogon

2020-08-04 18:57:15,129 ERROR 75553 nodejs.ClusterClientNoResponseError: client no response in 260661ms exceeding maxIdleTime 60000ms, maybe the connection is close on other side.
    at Timeout.Leader._heartbeatTimer.setInterval [as _onTimeout] (/Users/didi/workspace-afterhours/egg-todomvc/node_modules/cluster-client/lib/leader.js:77:23)
    at ontimeout (timers.js:475:11)
    at tryOnTimeout (timers.js:310:5)
    at Timer.listOnTimeout (timers.js:270:5)
name: "ClusterClientNoResponseError"
pid: 75553
hostname: bogon

