2020-08-03 14:33:27,042 INFO 27253 [Timer] /Users/didi/workspace-afterhours/egg-example/node_modules/egg-multipart/app/schedule/clean_tmpdir.js next time will execute after 50192961ms at 2020-08-04 04:30:00.003
2020-08-03 14:33:27,042 INFO 27253 [Timer] /Users/didi/workspace-afterhours/egg-example/node_modules/egg-logrotator/app/schedule/clean_log.js next time will execute after 33992958ms at 2020-08-04 00:00:00.000
2020-08-03 14:33:27,042 INFO 27253 [Timer] /Users/didi/workspace-afterhours/egg-example/node_modules/egg-logrotator/app/schedule/rotate_by_file.js next time will execute after 33993958ms at 2020-08-04 00:00:01.000
2020-08-03 14:33:26,912 INFO 27255 [egg-schedule]: register schedule /Users/didi/workspace-afterhours/egg-example/node_modules/egg-multipart/app/schedule/clean_tmpdir.js
2020-08-03 14:33:26,912 INFO 27255 [egg-schedule]: register schedule /Users/didi/workspace-afterhours/egg-example/node_modules/egg-logrotator/app/schedule/clean_log.js
2020-08-03 14:33:26,912 INFO 27255 [egg-schedule]: register schedule /Users/didi/workspace-afterhours/egg-example/node_modules/egg-logrotator/app/schedule/rotate_by_file.js
2020-08-03 14:35:07,635 INFO 27435 [Timer] /Users/didi/workspace-afterhours/egg-example/node_modules/egg-multipart/app/schedule/clean_tmpdir.js next time will execute after 50092368ms at 2020-08-04 04:30:00.003
2020-08-03 14:35:07,635 INFO 27435 [Timer] /Users/didi/workspace-afterhours/egg-example/node_modules/egg-logrotator/app/schedule/clean_log.js next time will execute after 33892365ms at 2020-08-04 00:00:00.000
2020-08-03 14:35:07,636 INFO 27435 [Timer] /Users/didi/workspace-afterhours/egg-example/node_modules/egg-logrotator/app/schedule/rotate_by_file.js next time will execute after 33893365ms at 2020-08-04 00:00:01.001
2020-08-03 14:35:07,514 INFO 27437 [egg-schedule]: register schedule /Users/didi/workspace-afterhours/egg-example/node_modules/egg-multipart/app/schedule/clean_tmpdir.js
2020-08-03 14:35:07,514 INFO 27437 [egg-schedule]: register schedule /Users/didi/workspace-afterhours/egg-example/node_modules/egg-logrotator/app/schedule/clean_log.js
2020-08-03 14:35:07,514 INFO 27437 [egg-schedule]: register schedule /Users/didi/workspace-afterhours/egg-example/node_modules/egg-logrotator/app/schedule/rotate_by_file.js
2020-08-03 14:55:37,317 INFO 31511 [egg-schedule]: register schedule /Users/didi/workspace-afterhours/egg-example/node_modules/egg-multipart/app/schedule/clean_tmpdir.js
2020-08-03 14:55:37,317 INFO 31511 [egg-schedule]: register schedule /Users/didi/workspace-afterhours/egg-example/node_modules/egg-logrotator/app/schedule/clean_log.js
2020-08-03 14:55:37,317 INFO 31511 [egg-schedule]: register schedule /Users/didi/workspace-afterhours/egg-example/node_modules/egg-logrotator/app/schedule/rotate_by_file.js
2020-08-03 14:55:43,034 INFO 31520 [egg-schedule]: register schedule /Users/didi/workspace-afterhours/egg-example/node_modules/egg-multipart/app/schedule/clean_tmpdir.js
2020-08-03 14:55:43,034 INFO 31520 [egg-schedule]: register schedule /Users/didi/workspace-afterhours/egg-example/node_modules/egg-logrotator/app/schedule/clean_log.js
2020-08-03 14:55:43,034 INFO 31520 [egg-schedule]: register schedule /Users/didi/workspace-afterhours/egg-example/node_modules/egg-logrotator/app/schedule/rotate_by_file.js
2020-08-03 14:56:13,733 INFO 31551 [egg-schedule]: register schedule /Users/didi/workspace-afterhours/egg-example/node_modules/egg-multipart/app/schedule/clean_tmpdir.js
2020-08-03 14:56:13,733 INFO 31551 [egg-schedule]: register schedule /Users/didi/workspace-afterhours/egg-example/node_modules/egg-logrotator/app/schedule/clean_log.js
2020-08-03 14:56:13,733 INFO 31551 [egg-schedule]: register schedule /Users/didi/workspace-afterhours/egg-example/node_modules/egg-logrotator/app/schedule/rotate_by_file.js
2020-08-03 15:05:38,389 INFO 32199 [Timer] /Users/didi/workspace-afterhours/egg-example/node_modules/egg-multipart/app/schedule/clean_tmpdir.js next time will execute after 48261613ms at 2020-08-04 04:30:00.002
2020-08-03 15:05:38,390 INFO 32199 [Timer] /Users/didi/workspace-afterhours/egg-example/node_modules/egg-logrotator/app/schedule/clean_log.js next time will execute after 32061611ms at 2020-08-04 00:00:00.001
2020-08-03 15:05:38,390 INFO 32199 [Timer] /Users/didi/workspace-afterhours/egg-example/node_modules/egg-logrotator/app/schedule/rotate_by_file.js next time will execute after 32062610ms at 2020-08-04 00:00:01.000
2020-08-03 15:05:38,275 INFO 32201 [egg-schedule]: register schedule /Users/didi/workspace-afterhours/egg-example/node_modules/egg-multipart/app/schedule/clean_tmpdir.js
2020-08-03 15:05:38,275 INFO 32201 [egg-schedule]: register schedule /Users/didi/workspace-afterhours/egg-example/node_modules/egg-logrotator/app/schedule/clean_log.js
2020-08-03 15:05:38,275 INFO 32201 [egg-schedule]: register schedule /Users/didi/workspace-afterhours/egg-example/node_modules/egg-logrotator/app/schedule/rotate_by_file.js
2020-08-03 15:06:10,629 INFO 32234 [egg-schedule]: register schedule /Users/didi/workspace-afterhours/egg-example/node_modules/egg-multipart/app/schedule/clean_tmpdir.js
2020-08-03 15:06:10,629 INFO 32234 [egg-schedule]: register schedule /Users/didi/workspace-afterhours/egg-example/node_modules/egg-logrotator/app/schedule/clean_log.js
2020-08-03 15:06:10,629 INFO 32234 [egg-schedule]: register schedule /Users/didi/workspace-afterhours/egg-example/node_modules/egg-logrotator/app/schedule/rotate_by_file.js
2020-08-03 15:06:59,020 INFO 32282 [egg-schedule]: register schedule /Users/didi/workspace-afterhours/egg-example/node_modules/egg-multipart/app/schedule/clean_tmpdir.js
2020-08-03 15:06:59,020 INFO 32282 [egg-schedule]: register schedule /Users/didi/workspace-afterhours/egg-example/node_modules/egg-logrotator/app/schedule/clean_log.js
2020-08-03 15:06:59,020 INFO 32282 [egg-schedule]: register schedule /Users/didi/workspace-afterhours/egg-example/node_modules/egg-logrotator/app/schedule/rotate_by_file.js
2020-08-03 15:14:16,258 INFO 32676 [egg-schedule]: register schedule /Users/didi/workspace-afterhours/egg-example/node_modules/egg-multipart/app/schedule/clean_tmpdir.js
2020-08-03 15:14:16,258 INFO 32676 [egg-schedule]: register schedule /Users/didi/workspace-afterhours/egg-example/node_modules/egg-logrotator/app/schedule/clean_log.js
2020-08-03 15:14:16,258 INFO 32676 [egg-schedule]: register schedule /Users/didi/workspace-afterhours/egg-example/node_modules/egg-logrotator/app/schedule/rotate_by_file.js
2020-08-03 15:15:39,531 INFO 32753 [egg-schedule]: register schedule /Users/didi/workspace-afterhours/egg-example/node_modules/egg-multipart/app/schedule/clean_tmpdir.js
2020-08-03 15:15:39,531 INFO 32753 [egg-schedule]: register schedule /Users/didi/workspace-afterhours/egg-example/node_modules/egg-logrotator/app/schedule/clean_log.js
2020-08-03 15:15:39,531 INFO 32753 [egg-schedule]: register schedule /Users/didi/workspace-afterhours/egg-example/node_modules/egg-logrotator/app/schedule/rotate_by_file.js
2020-08-03 15:16:39,333 INFO 32811 [egg-schedule]: register schedule /Users/didi/workspace-afterhours/egg-example/node_modules/egg-multipart/app/schedule/clean_tmpdir.js
2020-08-03 15:16:39,333 INFO 32811 [egg-schedule]: register schedule /Users/didi/workspace-afterhours/egg-example/node_modules/egg-logrotator/app/schedule/clean_log.js
2020-08-03 15:16:39,333 INFO 32811 [egg-schedule]: register schedule /Users/didi/workspace-afterhours/egg-example/node_modules/egg-logrotator/app/schedule/rotate_by_file.js
2020-08-03 15:17:41,044 INFO 32872 [egg-schedule]: register schedule /Users/didi/workspace-afterhours/egg-example/node_modules/egg-multipart/app/schedule/clean_tmpdir.js
2020-08-03 15:17:41,044 INFO 32872 [egg-schedule]: register schedule /Users/didi/workspace-afterhours/egg-example/node_modules/egg-logrotator/app/schedule/clean_log.js
2020-08-03 15:17:41,044 INFO 32872 [egg-schedule]: register schedule /Users/didi/workspace-afterhours/egg-example/node_modules/egg-logrotator/app/schedule/rotate_by_file.js
2020-08-04 16:14:15,099 INFO 72232 [Timer] /Users/didi/workspace-afterhours/egg-todomvc/node_modules/egg-multipart/app/schedule/clean_tmpdir.js next time will execute after 44144904ms at 2020-08-05 04:30:00.003
2020-08-04 16:14:15,099 INFO 72232 [Timer] /Users/didi/workspace-afterhours/egg-todomvc/node_modules/egg-logrotator/app/schedule/clean_log.js next time will execute after 27944901ms at 2020-08-05 00:00:00.000
2020-08-04 16:14:15,099 INFO 72232 [Timer] /Users/didi/workspace-afterhours/egg-todomvc/node_modules/egg-logrotator/app/schedule/rotate_by_file.js next time will execute after 27945901ms at 2020-08-05 00:00:01.000
2020-08-04 16:14:14,962 INFO 72233 [egg-schedule]: register schedule /Users/didi/workspace-afterhours/egg-todomvc/node_modules/egg-multipart/app/schedule/clean_tmpdir.js
2020-08-04 16:14:14,962 INFO 72233 [egg-schedule]: register schedule /Users/didi/workspace-afterhours/egg-todomvc/node_modules/egg-logrotator/app/schedule/clean_log.js
2020-08-04 16:14:14,962 INFO 72233 [egg-schedule]: register schedule /Users/didi/workspace-afterhours/egg-todomvc/node_modules/egg-logrotator/app/schedule/rotate_by_file.js
2020-08-04 16:15:02,643 INFO 72279 [egg-schedule]: register schedule /Users/didi/workspace-afterhours/egg-todomvc/node_modules/egg-multipart/app/schedule/clean_tmpdir.js
2020-08-04 16:15:02,643 INFO 72279 [egg-schedule]: register schedule /Users/didi/workspace-afterhours/egg-todomvc/node_modules/egg-logrotator/app/schedule/clean_log.js
2020-08-04 16:15:02,643 INFO 72279 [egg-schedule]: register schedule /Users/didi/workspace-afterhours/egg-todomvc/node_modules/egg-logrotator/app/schedule/rotate_by_file.js
2020-08-04 16:20:48,015 INFO 72624 [egg-schedule]: register schedule /Users/didi/workspace-afterhours/egg-todomvc/node_modules/egg-multipart/app/schedule/clean_tmpdir.js
2020-08-04 16:20:48,015 INFO 72624 [egg-schedule]: register schedule /Users/didi/workspace-afterhours/egg-todomvc/node_modules/egg-logrotator/app/schedule/clean_log.js
2020-08-04 16:20:48,015 INFO 72624 [egg-schedule]: register schedule /Users/didi/workspace-afterhours/egg-todomvc/node_modules/egg-logrotator/app/schedule/rotate_by_file.js
2020-08-04 16:22:02,008 INFO 72693 [egg-schedule]: register schedule /Users/didi/workspace-afterhours/egg-todomvc/node_modules/egg-multipart/app/schedule/clean_tmpdir.js
2020-08-04 16:22:02,009 INFO 72693 [egg-schedule]: register schedule /Users/didi/workspace-afterhours/egg-todomvc/node_modules/egg-logrotator/app/schedule/clean_log.js
2020-08-04 16:22:02,009 INFO 72693 [egg-schedule]: register schedule /Users/didi/workspace-afterhours/egg-todomvc/node_modules/egg-logrotator/app/schedule/rotate_by_file.js
2020-08-04 16:23:02,331 INFO 72754 [egg-schedule]: register schedule /Users/didi/workspace-afterhours/egg-todomvc/node_modules/egg-multipart/app/schedule/clean_tmpdir.js
2020-08-04 16:23:02,331 INFO 72754 [egg-schedule]: register schedule /Users/didi/workspace-afterhours/egg-todomvc/node_modules/egg-logrotator/app/schedule/clean_log.js
2020-08-04 16:23:02,331 INFO 72754 [egg-schedule]: register schedule /Users/didi/workspace-afterhours/egg-todomvc/node_modules/egg-logrotator/app/schedule/rotate_by_file.js
2020-08-04 16:23:07,390 INFO 72761 [egg-schedule]: register schedule /Users/didi/workspace-afterhours/egg-todomvc/node_modules/egg-multipart/app/schedule/clean_tmpdir.js
2020-08-04 16:23:07,391 INFO 72761 [egg-schedule]: register schedule /Users/didi/workspace-afterhours/egg-todomvc/node_modules/egg-logrotator/app/schedule/clean_log.js
2020-08-04 16:23:07,391 INFO 72761 [egg-schedule]: register schedule /Users/didi/workspace-afterhours/egg-todomvc/node_modules/egg-logrotator/app/schedule/rotate_by_file.js
2020-08-04 16:27:23,943 INFO 73000 [egg-schedule]: register schedule /Users/didi/workspace-afterhours/egg-todomvc/node_modules/egg-multipart/app/schedule/clean_tmpdir.js
2020-08-04 16:27:23,943 INFO 73000 [egg-schedule]: register schedule /Users/didi/workspace-afterhours/egg-todomvc/node_modules/egg-logrotator/app/schedule/clean_log.js
2020-08-04 16:27:23,943 INFO 73000 [egg-schedule]: register schedule /Users/didi/workspace-afterhours/egg-todomvc/node_modules/egg-logrotator/app/schedule/rotate_by_file.js
2020-08-04 16:27:54,576 INFO 73032 [egg-schedule]: register schedule /Users/didi/workspace-afterhours/egg-todomvc/node_modules/egg-multipart/app/schedule/clean_tmpdir.js
2020-08-04 16:27:54,576 INFO 73032 [egg-schedule]: register schedule /Users/didi/workspace-afterhours/egg-todomvc/node_modules/egg-logrotator/app/schedule/clean_log.js
2020-08-04 16:27:54,576 INFO 73032 [egg-schedule]: register schedule /Users/didi/workspace-afterhours/egg-todomvc/node_modules/egg-logrotator/app/schedule/rotate_by_file.js
2020-08-04 16:27:55,288 INFO 73033 [egg-schedule]: register schedule /Users/didi/workspace-afterhours/egg-todomvc/node_modules/egg-multipart/app/schedule/clean_tmpdir.js
2020-08-04 16:27:55,288 INFO 73033 [egg-schedule]: register schedule /Users/didi/workspace-afterhours/egg-todomvc/node_modules/egg-logrotator/app/schedule/clean_log.js
2020-08-04 16:27:55,288 INFO 73033 [egg-schedule]: register schedule /Users/didi/workspace-afterhours/egg-todomvc/node_modules/egg-logrotator/app/schedule/rotate_by_file.js
2020-08-04 16:28:26,432 INFO 73062 [egg-schedule]: register schedule /Users/didi/workspace-afterhours/egg-todomvc/node_modules/egg-multipart/app/schedule/clean_tmpdir.js
2020-08-04 16:28:26,433 INFO 73062 [egg-schedule]: register schedule /Users/didi/workspace-afterhours/egg-todomvc/node_modules/egg-logrotator/app/schedule/clean_log.js
2020-08-04 16:28:26,433 INFO 73062 [egg-schedule]: register schedule /Users/didi/workspace-afterhours/egg-todomvc/node_modules/egg-logrotator/app/schedule/rotate_by_file.js
2020-08-04 16:28:27,120 INFO 73063 [egg-schedule]: register schedule /Users/didi/workspace-afterhours/egg-todomvc/node_modules/egg-multipart/app/schedule/clean_tmpdir.js
2020-08-04 16:28:27,120 INFO 73063 [egg-schedule]: register schedule /Users/didi/workspace-afterhours/egg-todomvc/node_modules/egg-logrotator/app/schedule/clean_log.js
2020-08-04 16:28:27,120 INFO 73063 [egg-schedule]: register schedule /Users/didi/workspace-afterhours/egg-todomvc/node_modules/egg-logrotator/app/schedule/rotate_by_file.js
2020-08-04 16:30:55,221 INFO 73206 [egg-schedule]: register schedule /Users/didi/workspace-afterhours/egg-todomvc/node_modules/egg-multipart/app/schedule/clean_tmpdir.js
2020-08-04 16:30:55,221 INFO 73206 [egg-schedule]: register schedule /Users/didi/workspace-afterhours/egg-todomvc/node_modules/egg-logrotator/app/schedule/clean_log.js
2020-08-04 16:30:55,221 INFO 73206 [egg-schedule]: register schedule /Users/didi/workspace-afterhours/egg-todomvc/node_modules/egg-logrotator/app/schedule/rotate_by_file.js
2020-08-04 16:31:41,512 INFO 73251 [egg-schedule]: register schedule /Users/didi/workspace-afterhours/egg-todomvc/node_modules/egg-multipart/app/schedule/clean_tmpdir.js
2020-08-04 16:31:41,512 INFO 73251 [egg-schedule]: register schedule /Users/didi/workspace-afterhours/egg-todomvc/node_modules/egg-logrotator/app/schedule/clean_log.js
2020-08-04 16:31:41,512 INFO 73251 [egg-schedule]: register schedule /Users/didi/workspace-afterhours/egg-todomvc/node_modules/egg-logrotator/app/schedule/rotate_by_file.js
2020-08-04 16:32:29,834 INFO 73300 [egg-schedule]: register schedule /Users/didi/workspace-afterhours/egg-todomvc/node_modules/egg-multipart/app/schedule/clean_tmpdir.js
2020-08-04 16:32:29,834 INFO 73300 [egg-schedule]: register schedule /Users/didi/workspace-afterhours/egg-todomvc/node_modules/egg-logrotator/app/schedule/clean_log.js
2020-08-04 16:32:29,834 INFO 73300 [egg-schedule]: register schedule /Users/didi/workspace-afterhours/egg-todomvc/node_modules/egg-logrotator/app/schedule/rotate_by_file.js
2020-08-04 16:32:40,286 INFO 73311 [egg-schedule]: register schedule /Users/didi/workspace-afterhours/egg-todomvc/node_modules/egg-multipart/app/schedule/clean_tmpdir.js
2020-08-04 16:32:40,286 INFO 73311 [egg-schedule]: register schedule /Users/didi/workspace-afterhours/egg-todomvc/node_modules/egg-logrotator/app/schedule/clean_log.js
2020-08-04 16:32:40,286 INFO 73311 [egg-schedule]: register schedule /Users/didi/workspace-afterhours/egg-todomvc/node_modules/egg-logrotator/app/schedule/rotate_by_file.js
2020-08-04 16:33:03,197 INFO 73348 [egg-schedule]: register schedule /Users/didi/workspace-afterhours/egg-todomvc/node_modules/egg-multipart/app/schedule/clean_tmpdir.js
2020-08-04 16:33:03,197 INFO 73348 [egg-schedule]: register schedule /Users/didi/workspace-afterhours/egg-todomvc/node_modules/egg-logrotator/app/schedule/clean_log.js
2020-08-04 16:33:03,197 INFO 73348 [egg-schedule]: register schedule /Users/didi/workspace-afterhours/egg-todomvc/node_modules/egg-logrotator/app/schedule/rotate_by_file.js
2020-08-04 16:33:35,099 INFO 73377 [egg-schedule]: register schedule /Users/didi/workspace-afterhours/egg-todomvc/node_modules/egg-multipart/app/schedule/clean_tmpdir.js
2020-08-04 16:33:35,099 INFO 73377 [egg-schedule]: register schedule /Users/didi/workspace-afterhours/egg-todomvc/node_modules/egg-logrotator/app/schedule/clean_log.js
2020-08-04 16:33:35,099 INFO 73377 [egg-schedule]: register schedule /Users/didi/workspace-afterhours/egg-todomvc/node_modules/egg-logrotator/app/schedule/rotate_by_file.js
2020-08-04 16:34:55,837 INFO 73448 [egg-schedule]: register schedule /Users/didi/workspace-afterhours/egg-todomvc/node_modules/egg-multipart/app/schedule/clean_tmpdir.js
2020-08-04 16:34:55,837 INFO 73448 [egg-schedule]: register schedule /Users/didi/workspace-afterhours/egg-todomvc/node_modules/egg-logrotator/app/schedule/clean_log.js
2020-08-04 16:34:55,837 INFO 73448 [egg-schedule]: register schedule /Users/didi/workspace-afterhours/egg-todomvc/node_modules/egg-logrotator/app/schedule/rotate_by_file.js
2020-08-04 16:35:04,742 INFO 73458 [egg-schedule]: register schedule /Users/didi/workspace-afterhours/egg-todomvc/node_modules/egg-multipart/app/schedule/clean_tmpdir.js
2020-08-04 16:35:04,742 INFO 73458 [egg-schedule]: register schedule /Users/didi/workspace-afterhours/egg-todomvc/node_modules/egg-logrotator/app/schedule/clean_log.js
2020-08-04 16:35:04,742 INFO 73458 [egg-schedule]: register schedule /Users/didi/workspace-afterhours/egg-todomvc/node_modules/egg-logrotator/app/schedule/rotate_by_file.js
2020-08-04 16:38:38,798 INFO 73664 [egg-schedule]: register schedule /Users/didi/workspace-afterhours/egg-todomvc/node_modules/egg-multipart/app/schedule/clean_tmpdir.js
2020-08-04 16:38:38,798 INFO 73664 [egg-schedule]: register schedule /Users/didi/workspace-afterhours/egg-todomvc/node_modules/egg-logrotator/app/schedule/clean_log.js
2020-08-04 16:38:38,798 INFO 73664 [egg-schedule]: register schedule /Users/didi/workspace-afterhours/egg-todomvc/node_modules/egg-logrotator/app/schedule/rotate_by_file.js
2020-08-04 16:39:01,012 INFO 73686 [egg-schedule]: register schedule /Users/didi/workspace-afterhours/egg-todomvc/node_modules/egg-multipart/app/schedule/clean_tmpdir.js
2020-08-04 16:39:01,012 INFO 73686 [egg-schedule]: register schedule /Users/didi/workspace-afterhours/egg-todomvc/node_modules/egg-logrotator/app/schedule/clean_log.js
2020-08-04 16:39:01,012 INFO 73686 [egg-schedule]: register schedule /Users/didi/workspace-afterhours/egg-todomvc/node_modules/egg-logrotator/app/schedule/rotate_by_file.js
2020-08-04 16:39:07,882 INFO 73693 [egg-schedule]: register schedule /Users/didi/workspace-afterhours/egg-todomvc/node_modules/egg-multipart/app/schedule/clean_tmpdir.js
2020-08-04 16:39:07,882 INFO 73693 [egg-schedule]: register schedule /Users/didi/workspace-afterhours/egg-todomvc/node_modules/egg-logrotator/app/schedule/clean_log.js
2020-08-04 16:39:07,882 INFO 73693 [egg-schedule]: register schedule /Users/didi/workspace-afterhours/egg-todomvc/node_modules/egg-logrotator/app/schedule/rotate_by_file.js
2020-08-04 16:39:08,893 INFO 73694 [egg-schedule]: register schedule /Users/didi/workspace-afterhours/egg-todomvc/node_modules/egg-multipart/app/schedule/clean_tmpdir.js
2020-08-04 16:39:08,893 INFO 73694 [egg-schedule]: register schedule /Users/didi/workspace-afterhours/egg-todomvc/node_modules/egg-logrotator/app/schedule/clean_log.js
2020-08-04 16:39:08,893 INFO 73694 [egg-schedule]: register schedule /Users/didi/workspace-afterhours/egg-todomvc/node_modules/egg-logrotator/app/schedule/rotate_by_file.js
2020-08-04 16:39:17,417 INFO 73706 [egg-schedule]: register schedule /Users/didi/workspace-afterhours/egg-todomvc/node_modules/egg-multipart/app/schedule/clean_tmpdir.js
2020-08-04 16:39:17,417 INFO 73706 [egg-schedule]: register schedule /Users/didi/workspace-afterhours/egg-todomvc/node_modules/egg-logrotator/app/schedule/clean_log.js
2020-08-04 16:39:17,417 INFO 73706 [egg-schedule]: register schedule /Users/didi/workspace-afterhours/egg-todomvc/node_modules/egg-logrotator/app/schedule/rotate_by_file.js
2020-08-04 16:39:22,685 INFO 73713 [egg-schedule]: register schedule /Users/didi/workspace-afterhours/egg-todomvc/node_modules/egg-multipart/app/schedule/clean_tmpdir.js
2020-08-04 16:39:22,685 INFO 73713 [egg-schedule]: register schedule /Users/didi/workspace-afterhours/egg-todomvc/node_modules/egg-logrotator/app/schedule/clean_log.js
2020-08-04 16:39:22,685 INFO 73713 [egg-schedule]: register schedule /Users/didi/workspace-afterhours/egg-todomvc/node_modules/egg-logrotator/app/schedule/rotate_by_file.js
2020-08-04 16:39:23,613 INFO 73714 [egg-schedule]: register schedule /Users/didi/workspace-afterhours/egg-todomvc/node_modules/egg-multipart/app/schedule/clean_tmpdir.js
2020-08-04 16:39:23,613 INFO 73714 [egg-schedule]: register schedule /Users/didi/workspace-afterhours/egg-todomvc/node_modules/egg-logrotator/app/schedule/clean_log.js
2020-08-04 16:39:23,613 INFO 73714 [egg-schedule]: register schedule /Users/didi/workspace-afterhours/egg-todomvc/node_modules/egg-logrotator/app/schedule/rotate_by_file.js
2020-08-04 16:44:12,092 INFO 74004 [egg-schedule]: register schedule /Users/didi/workspace-afterhours/egg-todomvc/node_modules/egg-multipart/app/schedule/clean_tmpdir.js
2020-08-04 16:44:12,092 INFO 74004 [egg-schedule]: register schedule /Users/didi/workspace-afterhours/egg-todomvc/node_modules/egg-logrotator/app/schedule/clean_log.js
2020-08-04 16:44:12,092 INFO 74004 [egg-schedule]: register schedule /Users/didi/workspace-afterhours/egg-todomvc/node_modules/egg-logrotator/app/schedule/rotate_by_file.js
2020-08-04 16:45:58,853 INFO 74110 [egg-schedule]: register schedule /Users/didi/workspace-afterhours/egg-todomvc/node_modules/egg-multipart/app/schedule/clean_tmpdir.js
2020-08-04 16:45:58,853 INFO 74110 [egg-schedule]: register schedule /Users/didi/workspace-afterhours/egg-todomvc/node_modules/egg-logrotator/app/schedule/clean_log.js
2020-08-04 16:45:58,853 INFO 74110 [egg-schedule]: register schedule /Users/didi/workspace-afterhours/egg-todomvc/node_modules/egg-logrotator/app/schedule/rotate_by_file.js
2020-08-04 16:45:59,858 INFO 74112 [egg-schedule]: register schedule /Users/didi/workspace-afterhours/egg-todomvc/node_modules/egg-multipart/app/schedule/clean_tmpdir.js
2020-08-04 16:45:59,858 INFO 74112 [egg-schedule]: register schedule /Users/didi/workspace-afterhours/egg-todomvc/node_modules/egg-logrotator/app/schedule/clean_log.js
2020-08-04 16:45:59,858 INFO 74112 [egg-schedule]: register schedule /Users/didi/workspace-afterhours/egg-todomvc/node_modules/egg-logrotator/app/schedule/rotate_by_file.js
2020-08-04 16:56:02,689 INFO 74727 [egg-schedule]: register schedule /Users/didi/workspace-afterhours/egg-todomvc/node_modules/egg-multipart/app/schedule/clean_tmpdir.js
2020-08-04 16:56:02,689 INFO 74727 [egg-schedule]: register schedule /Users/didi/workspace-afterhours/egg-todomvc/node_modules/egg-logrotator/app/schedule/clean_log.js
2020-08-04 16:56:02,689 INFO 74727 [egg-schedule]: register schedule /Users/didi/workspace-afterhours/egg-todomvc/node_modules/egg-logrotator/app/schedule/rotate_by_file.js
2020-08-04 16:57:12,421 INFO 74796 [egg-schedule]: register schedule /Users/didi/workspace-afterhours/egg-todomvc/node_modules/egg-multipart/app/schedule/clean_tmpdir.js
2020-08-04 16:57:12,421 INFO 74796 [egg-schedule]: register schedule /Users/didi/workspace-afterhours/egg-todomvc/node_modules/egg-logrotator/app/schedule/clean_log.js
2020-08-04 16:57:12,421 INFO 74796 [egg-schedule]: register schedule /Users/didi/workspace-afterhours/egg-todomvc/node_modules/egg-logrotator/app/schedule/rotate_by_file.js
2020-08-04 17:07:43,971 INFO 75399 [egg-schedule]: register schedule /Users/didi/workspace-afterhours/egg-todomvc/node_modules/egg-multipart/app/schedule/clean_tmpdir.js
2020-08-04 17:07:43,971 INFO 75399 [egg-schedule]: register schedule /Users/didi/workspace-afterhours/egg-todomvc/node_modules/egg-logrotator/app/schedule/clean_log.js
2020-08-04 17:07:43,971 INFO 75399 [egg-schedule]: register schedule /Users/didi/workspace-afterhours/egg-todomvc/node_modules/egg-logrotator/app/schedule/rotate_by_file.js
2020-08-04 17:07:45,183 INFO 75401 [egg-schedule]: register schedule /Users/didi/workspace-afterhours/egg-todomvc/node_modules/egg-multipart/app/schedule/clean_tmpdir.js
2020-08-04 17:07:45,184 INFO 75401 [egg-schedule]: register schedule /Users/didi/workspace-afterhours/egg-todomvc/node_modules/egg-logrotator/app/schedule/clean_log.js
2020-08-04 17:07:45,184 INFO 75401 [egg-schedule]: register schedule /Users/didi/workspace-afterhours/egg-todomvc/node_modules/egg-logrotator/app/schedule/rotate_by_file.js
2020-08-04 17:07:45,686 INFO 75402 [egg-schedule]: register schedule /Users/didi/workspace-afterhours/egg-todomvc/node_modules/egg-multipart/app/schedule/clean_tmpdir.js
2020-08-04 17:07:45,686 INFO 75402 [egg-schedule]: register schedule /Users/didi/workspace-afterhours/egg-todomvc/node_modules/egg-logrotator/app/schedule/clean_log.js
2020-08-04 17:07:45,686 INFO 75402 [egg-schedule]: register schedule /Users/didi/workspace-afterhours/egg-todomvc/node_modules/egg-logrotator/app/schedule/rotate_by_file.js
2020-08-04 17:08:00,611 INFO 75432 [egg-schedule]: register schedule /Users/didi/workspace-afterhours/egg-todomvc/node_modules/egg-multipart/app/schedule/clean_tmpdir.js
2020-08-04 17:08:00,611 INFO 75432 [egg-schedule]: register schedule /Users/didi/workspace-afterhours/egg-todomvc/node_modules/egg-logrotator/app/schedule/clean_log.js
2020-08-04 17:08:00,611 INFO 75432 [egg-schedule]: register schedule /Users/didi/workspace-afterhours/egg-todomvc/node_modules/egg-logrotator/app/schedule/rotate_by_file.js
2020-08-04 17:08:00,986 INFO 75430 [Timer] /Users/didi/workspace-afterhours/egg-todomvc/node_modules/egg-multipart/app/schedule/clean_tmpdir.js next time will execute after 40919016ms at 2020-08-05 04:30:00.002
2020-08-04 17:08:00,986 INFO 75430 [Timer] /Users/didi/workspace-afterhours/egg-todomvc/node_modules/egg-logrotator/app/schedule/clean_log.js next time will execute after 24719014ms at 2020-08-05 00:00:00.000
2020-08-04 17:08:00,987 INFO 75430 [Timer] /Users/didi/workspace-afterhours/egg-todomvc/node_modules/egg-logrotator/app/schedule/rotate_by_file.js next time will execute after 24720014ms at 2020-08-05 00:00:01.001
2020-08-04 17:09:15,752 INFO 75508 [egg-schedule]: register schedule /Users/didi/workspace-afterhours/egg-todomvc/node_modules/egg-multipart/app/schedule/clean_tmpdir.js
2020-08-04 17:09:15,752 INFO 75508 [egg-schedule]: register schedule /Users/didi/workspace-afterhours/egg-todomvc/node_modules/egg-logrotator/app/schedule/clean_log.js
2020-08-04 17:09:15,752 INFO 75508 [egg-schedule]: register schedule /Users/didi/workspace-afterhours/egg-todomvc/node_modules/egg-logrotator/app/schedule/rotate_by_file.js
2020-08-04 17:09:36,235 INFO 75554 [egg-schedule]: register schedule /Users/didi/workspace-afterhours/egg-todomvc/node_modules/egg-multipart/app/schedule/clean_tmpdir.js
2020-08-04 17:09:36,235 INFO 75554 [egg-schedule]: register schedule /Users/didi/workspace-afterhours/egg-todomvc/node_modules/egg-logrotator/app/schedule/clean_log.js
2020-08-04 17:09:36,235 INFO 75554 [egg-schedule]: register schedule /Users/didi/workspace-afterhours/egg-todomvc/node_modules/egg-logrotator/app/schedule/rotate_by_file.js
2020-08-04 17:09:36,703 INFO 75553 [Timer] /Users/didi/workspace-afterhours/egg-todomvc/node_modules/egg-multipart/app/schedule/clean_tmpdir.js next time will execute after 40823300ms at 2020-08-05 04:30:00.003
2020-08-04 17:09:36,703 INFO 75553 [Timer] /Users/didi/workspace-afterhours/egg-todomvc/node_modules/egg-logrotator/app/schedule/clean_log.js next time will execute after 24623297ms at 2020-08-05 00:00:00.000
2020-08-04 17:09:36,703 INFO 75553 [Timer] /Users/didi/workspace-afterhours/egg-todomvc/node_modules/egg-logrotator/app/schedule/rotate_by_file.js next time will execute after 24624297ms at 2020-08-05 00:00:01.000
2020-08-04 17:13:08,596 INFO 75753 [egg-schedule]: register schedule /Users/didi/workspace-afterhours/egg-todomvc/node_modules/egg-multipart/app/schedule/clean_tmpdir.js
2020-08-04 17:13:08,596 INFO 75753 [egg-schedule]: register schedule /Users/didi/workspace-afterhours/egg-todomvc/node_modules/egg-logrotator/app/schedule/clean_log.js
2020-08-04 17:13:08,596 INFO 75753 [egg-schedule]: register schedule /Users/didi/workspace-afterhours/egg-todomvc/node_modules/egg-logrotator/app/schedule/rotate_by_file.js
2020-08-04 17:13:09,722 INFO 75755 [egg-schedule]: register schedule /Users/didi/workspace-afterhours/egg-todomvc/node_modules/egg-multipart/app/schedule/clean_tmpdir.js
2020-08-04 17:13:09,722 INFO 75755 [egg-schedule]: register schedule /Users/didi/workspace-afterhours/egg-todomvc/node_modules/egg-logrotator/app/schedule/clean_log.js
2020-08-04 17:13:09,722 INFO 75755 [egg-schedule]: register schedule /Users/didi/workspace-afterhours/egg-todomvc/node_modules/egg-logrotator/app/schedule/rotate_by_file.js
2020-08-04 17:14:08,782 INFO 75815 [egg-schedule]: register schedule /Users/didi/workspace-afterhours/egg-todomvc/node_modules/egg-multipart/app/schedule/clean_tmpdir.js
2020-08-04 17:14:08,782 INFO 75815 [egg-schedule]: register schedule /Users/didi/workspace-afterhours/egg-todomvc/node_modules/egg-logrotator/app/schedule/clean_log.js
2020-08-04 17:14:08,782 INFO 75815 [egg-schedule]: register schedule /Users/didi/workspace-afterhours/egg-todomvc/node_modules/egg-logrotator/app/schedule/rotate_by_file.js
2020-08-04 17:14:12,135 INFO 75878 [egg-schedule]: register schedule /Users/didi/workspace-afterhours/egg-todomvc/node_modules/egg-multipart/app/schedule/clean_tmpdir.js
2020-08-04 17:14:12,135 INFO 75878 [egg-schedule]: register schedule /Users/didi/workspace-afterhours/egg-todomvc/node_modules/egg-logrotator/app/schedule/clean_log.js
2020-08-04 17:14:12,135 INFO 75878 [egg-schedule]: register schedule /Users/didi/workspace-afterhours/egg-todomvc/node_modules/egg-logrotator/app/schedule/rotate_by_file.js
2020-08-04 17:15:04,536 INFO 76003 [egg-schedule]: register schedule /Users/didi/workspace-afterhours/egg-todomvc/node_modules/egg-multipart/app/schedule/clean_tmpdir.js
2020-08-04 17:15:04,536 INFO 76003 [egg-schedule]: register schedule /Users/didi/workspace-afterhours/egg-todomvc/node_modules/egg-logrotator/app/schedule/clean_log.js
2020-08-04 17:15:04,536 INFO 76003 [egg-schedule]: register schedule /Users/didi/workspace-afterhours/egg-todomvc/node_modules/egg-logrotator/app/schedule/rotate_by_file.js
2020-08-04 17:15:41,018 INFO 76036 [egg-schedule]: register schedule /Users/didi/workspace-afterhours/egg-todomvc/node_modules/egg-multipart/app/schedule/clean_tmpdir.js
2020-08-04 17:15:41,018 INFO 76036 [egg-schedule]: register schedule /Users/didi/workspace-afterhours/egg-todomvc/node_modules/egg-logrotator/app/schedule/clean_log.js
2020-08-04 17:15:41,018 INFO 76036 [egg-schedule]: register schedule /Users/didi/workspace-afterhours/egg-todomvc/node_modules/egg-logrotator/app/schedule/rotate_by_file.js
2020-08-04 17:16:10,184 INFO 76064 [egg-schedule]: register schedule /Users/didi/workspace-afterhours/egg-todomvc/node_modules/egg-multipart/app/schedule/clean_tmpdir.js
2020-08-04 17:16:10,184 INFO 76064 [egg-schedule]: register schedule /Users/didi/workspace-afterhours/egg-todomvc/node_modules/egg-logrotator/app/schedule/clean_log.js
2020-08-04 17:16:10,184 INFO 76064 [egg-schedule]: register schedule /Users/didi/workspace-afterhours/egg-todomvc/node_modules/egg-logrotator/app/schedule/rotate_by_file.js
2020-08-04 17:16:13,934 INFO 76069 [egg-schedule]: register schedule /Users/didi/workspace-afterhours/egg-todomvc/node_modules/egg-multipart/app/schedule/clean_tmpdir.js
2020-08-04 17:16:13,934 INFO 76069 [egg-schedule]: register schedule /Users/didi/workspace-afterhours/egg-todomvc/node_modules/egg-logrotator/app/schedule/clean_log.js
2020-08-04 17:16:13,934 INFO 76069 [egg-schedule]: register schedule /Users/didi/workspace-afterhours/egg-todomvc/node_modules/egg-logrotator/app/schedule/rotate_by_file.js
2020-08-04 17:16:47,822 INFO 76103 [egg-schedule]: register schedule /Users/didi/workspace-afterhours/egg-todomvc/node_modules/egg-multipart/app/schedule/clean_tmpdir.js
2020-08-04 17:16:47,822 INFO 76103 [egg-schedule]: register schedule /Users/didi/workspace-afterhours/egg-todomvc/node_modules/egg-logrotator/app/schedule/clean_log.js
2020-08-04 17:16:47,822 INFO 76103 [egg-schedule]: register schedule /Users/didi/workspace-afterhours/egg-todomvc/node_modules/egg-logrotator/app/schedule/rotate_by_file.js
2020-08-04 17:21:42,063 INFO 76389 [egg-schedule]: register schedule /Users/didi/workspace-afterhours/egg-todomvc/node_modules/egg-multipart/app/schedule/clean_tmpdir.js
2020-08-04 17:21:42,063 INFO 76389 [egg-schedule]: register schedule /Users/didi/workspace-afterhours/egg-todomvc/node_modules/egg-logrotator/app/schedule/clean_log.js
2020-08-04 17:21:42,063 INFO 76389 [egg-schedule]: register schedule /Users/didi/workspace-afterhours/egg-todomvc/node_modules/egg-logrotator/app/schedule/rotate_by_file.js
2020-08-04 17:30:48,763 INFO 76891 [egg-schedule]: register schedule /Users/didi/workspace-afterhours/egg-todomvc/node_modules/egg-multipart/app/schedule/clean_tmpdir.js
2020-08-04 17:30:48,763 INFO 76891 [egg-schedule]: register schedule /Users/didi/workspace-afterhours/egg-todomvc/node_modules/egg-logrotator/app/schedule/clean_log.js
2020-08-04 17:30:48,763 INFO 76891 [egg-schedule]: register schedule /Users/didi/workspace-afterhours/egg-todomvc/node_modules/egg-logrotator/app/schedule/rotate_by_file.js
2020-08-04 17:47:16,352 INFO 77831 [egg-schedule]: register schedule /Users/didi/workspace-afterhours/egg-todomvc/node_modules/egg-multipart/app/schedule/clean_tmpdir.js
2020-08-04 17:47:16,352 INFO 77831 [egg-schedule]: register schedule /Users/didi/workspace-afterhours/egg-todomvc/node_modules/egg-logrotator/app/schedule/clean_log.js
2020-08-04 17:47:16,352 INFO 77831 [egg-schedule]: register schedule /Users/didi/workspace-afterhours/egg-todomvc/node_modules/egg-logrotator/app/schedule/rotate_by_file.js
2020-08-04 17:47:19,294 INFO 77840 [egg-schedule]: register schedule /Users/didi/workspace-afterhours/egg-todomvc/node_modules/egg-multipart/app/schedule/clean_tmpdir.js
2020-08-04 17:47:19,295 INFO 77840 [egg-schedule]: register schedule /Users/didi/workspace-afterhours/egg-todomvc/node_modules/egg-logrotator/app/schedule/clean_log.js
2020-08-04 17:47:19,295 INFO 77840 [egg-schedule]: register schedule /Users/didi/workspace-afterhours/egg-todomvc/node_modules/egg-logrotator/app/schedule/rotate_by_file.js
2020-08-04 17:47:20,164 INFO 77842 [egg-schedule]: register schedule /Users/didi/workspace-afterhours/egg-todomvc/node_modules/egg-multipart/app/schedule/clean_tmpdir.js
2020-08-04 17:47:20,164 INFO 77842 [egg-schedule]: register schedule /Users/didi/workspace-afterhours/egg-todomvc/node_modules/egg-logrotator/app/schedule/clean_log.js
2020-08-04 17:47:20,164 INFO 77842 [egg-schedule]: register schedule /Users/didi/workspace-afterhours/egg-todomvc/node_modules/egg-logrotator/app/schedule/rotate_by_file.js
2020-08-04 17:48:49,879 INFO 77926 [egg-schedule]: register schedule /Users/didi/workspace-afterhours/egg-todomvc/node_modules/egg-multipart/app/schedule/clean_tmpdir.js
2020-08-04 17:48:49,879 INFO 77926 [egg-schedule]: register schedule /Users/didi/workspace-afterhours/egg-todomvc/node_modules/egg-logrotator/app/schedule/clean_log.js
2020-08-04 17:48:49,879 INFO 77926 [egg-schedule]: register schedule /Users/didi/workspace-afterhours/egg-todomvc/node_modules/egg-logrotator/app/schedule/rotate_by_file.js
2020-08-04 17:48:50,924 INFO 77928 [egg-schedule]: register schedule /Users/didi/workspace-afterhours/egg-todomvc/node_modules/egg-multipart/app/schedule/clean_tmpdir.js
2020-08-04 17:48:50,924 INFO 77928 [egg-schedule]: register schedule /Users/didi/workspace-afterhours/egg-todomvc/node_modules/egg-logrotator/app/schedule/clean_log.js
2020-08-04 17:48:50,924 INFO 77928 [egg-schedule]: register schedule /Users/didi/workspace-afterhours/egg-todomvc/node_modules/egg-logrotator/app/schedule/rotate_by_file.js
2020-08-04 17:48:56,724 INFO 77937 [egg-schedule]: register schedule /Users/didi/workspace-afterhours/egg-todomvc/node_modules/egg-multipart/app/schedule/clean_tmpdir.js
2020-08-04 17:48:56,724 INFO 77937 [egg-schedule]: register schedule /Users/didi/workspace-afterhours/egg-todomvc/node_modules/egg-logrotator/app/schedule/clean_log.js
2020-08-04 17:48:56,724 INFO 77937 [egg-schedule]: register schedule /Users/didi/workspace-afterhours/egg-todomvc/node_modules/egg-logrotator/app/schedule/rotate_by_file.js
2020-08-04 17:55:24,374 INFO 78332 [egg-schedule]: register schedule /Users/didi/workspace-afterhours/egg-todomvc/node_modules/egg-multipart/app/schedule/clean_tmpdir.js
2020-08-04 17:55:24,374 INFO 78332 [egg-schedule]: register schedule /Users/didi/workspace-afterhours/egg-todomvc/node_modules/egg-logrotator/app/schedule/clean_log.js
2020-08-04 17:55:24,374 INFO 78332 [egg-schedule]: register schedule /Users/didi/workspace-afterhours/egg-todomvc/node_modules/egg-logrotator/app/schedule/rotate_by_file.js
2020-08-04 17:55:44,872 INFO 78351 [egg-schedule]: register schedule /Users/didi/workspace-afterhours/egg-todomvc/node_modules/egg-multipart/app/schedule/clean_tmpdir.js
2020-08-04 17:55:44,872 INFO 78351 [egg-schedule]: register schedule /Users/didi/workspace-afterhours/egg-todomvc/node_modules/egg-logrotator/app/schedule/clean_log.js
2020-08-04 17:55:44,872 INFO 78351 [egg-schedule]: register schedule /Users/didi/workspace-afterhours/egg-todomvc/node_modules/egg-logrotator/app/schedule/rotate_by_file.js
2020-08-04 17:56:00,268 INFO 78366 [egg-schedule]: register schedule /Users/didi/workspace-afterhours/egg-todomvc/node_modules/egg-multipart/app/schedule/clean_tmpdir.js
2020-08-04 17:56:00,268 INFO 78366 [egg-schedule]: register schedule /Users/didi/workspace-afterhours/egg-todomvc/node_modules/egg-logrotator/app/schedule/clean_log.js
2020-08-04 17:56:00,268 INFO 78366 [egg-schedule]: register schedule /Users/didi/workspace-afterhours/egg-todomvc/node_modules/egg-logrotator/app/schedule/rotate_by_file.js
2020-08-04 17:56:14,324 INFO 78380 [egg-schedule]: register schedule /Users/didi/workspace-afterhours/egg-todomvc/node_modules/egg-multipart/app/schedule/clean_tmpdir.js
2020-08-04 17:56:14,324 INFO 78380 [egg-schedule]: register schedule /Users/didi/workspace-afterhours/egg-todomvc/node_modules/egg-logrotator/app/schedule/clean_log.js
2020-08-04 17:56:14,324 INFO 78380 [egg-schedule]: register schedule /Users/didi/workspace-afterhours/egg-todomvc/node_modules/egg-logrotator/app/schedule/rotate_by_file.js
2020-08-04 17:57:05,043 INFO 78426 [egg-schedule]: register schedule /Users/didi/workspace-afterhours/egg-todomvc/node_modules/egg-multipart/app/schedule/clean_tmpdir.js
2020-08-04 17:57:05,043 INFO 78426 [egg-schedule]: register schedule /Users/didi/workspace-afterhours/egg-todomvc/node_modules/egg-logrotator/app/schedule/clean_log.js
2020-08-04 17:57:05,043 INFO 78426 [egg-schedule]: register schedule /Users/didi/workspace-afterhours/egg-todomvc/node_modules/egg-logrotator/app/schedule/rotate_by_file.js
2020-08-04 17:57:06,082 INFO 78429 [egg-schedule]: register schedule /Users/didi/workspace-afterhours/egg-todomvc/node_modules/egg-multipart/app/schedule/clean_tmpdir.js
2020-08-04 17:57:06,082 INFO 78429 [egg-schedule]: register schedule /Users/didi/workspace-afterhours/egg-todomvc/node_modules/egg-logrotator/app/schedule/clean_log.js
2020-08-04 17:57:06,082 INFO 78429 [egg-schedule]: register schedule /Users/didi/workspace-afterhours/egg-todomvc/node_modules/egg-logrotator/app/schedule/rotate_by_file.js
2020-08-04 18:07:53,308 INFO 79019 [egg-schedule]: register schedule /Users/didi/workspace-afterhours/egg-todomvc/node_modules/egg-multipart/app/schedule/clean_tmpdir.js
2020-08-04 18:07:53,308 INFO 79019 [egg-schedule]: register schedule /Users/didi/workspace-afterhours/egg-todomvc/node_modules/egg-logrotator/app/schedule/clean_log.js
2020-08-04 18:07:53,308 INFO 79019 [egg-schedule]: register schedule /Users/didi/workspace-afterhours/egg-todomvc/node_modules/egg-logrotator/app/schedule/rotate_by_file.js
2020-08-04 18:07:57,119 INFO 79030 [egg-schedule]: register schedule /Users/didi/workspace-afterhours/egg-todomvc/node_modules/egg-multipart/app/schedule/clean_tmpdir.js
2020-08-04 18:07:57,119 INFO 79030 [egg-schedule]: register schedule /Users/didi/workspace-afterhours/egg-todomvc/node_modules/egg-logrotator/app/schedule/clean_log.js
2020-08-04 18:07:57,119 INFO 79030 [egg-schedule]: register schedule /Users/didi/workspace-afterhours/egg-todomvc/node_modules/egg-logrotator/app/schedule/rotate_by_file.js
2020-08-04 18:07:57,979 INFO 79032 [egg-schedule]: register schedule /Users/didi/workspace-afterhours/egg-todomvc/node_modules/egg-multipart/app/schedule/clean_tmpdir.js
2020-08-04 18:07:57,979 INFO 79032 [egg-schedule]: register schedule /Users/didi/workspace-afterhours/egg-todomvc/node_modules/egg-logrotator/app/schedule/clean_log.js
2020-08-04 18:07:57,979 INFO 79032 [egg-schedule]: register schedule /Users/didi/workspace-afterhours/egg-todomvc/node_modules/egg-logrotator/app/schedule/rotate_by_file.js
2020-08-04 18:09:49,531 INFO 79138 [egg-schedule]: register schedule /Users/didi/workspace-afterhours/egg-todomvc/node_modules/egg-multipart/app/schedule/clean_tmpdir.js
2020-08-04 18:09:49,531 INFO 79138 [egg-schedule]: register schedule /Users/didi/workspace-afterhours/egg-todomvc/node_modules/egg-logrotator/app/schedule/clean_log.js
2020-08-04 18:09:49,531 INFO 79138 [egg-schedule]: register schedule /Users/didi/workspace-afterhours/egg-todomvc/node_modules/egg-logrotator/app/schedule/rotate_by_file.js
2020-08-04 18:10:28,076 INFO 79183 [egg-schedule]: register schedule /Users/didi/workspace-afterhours/egg-todomvc/node_modules/egg-multipart/app/schedule/clean_tmpdir.js
2020-08-04 18:10:28,076 INFO 79183 [egg-schedule]: register schedule /Users/didi/workspace-afterhours/egg-todomvc/node_modules/egg-logrotator/app/schedule/clean_log.js
2020-08-04 18:10:28,076 INFO 79183 [egg-schedule]: register schedule /Users/didi/workspace-afterhours/egg-todomvc/node_modules/egg-logrotator/app/schedule/rotate_by_file.js
2020-08-04 18:10:45,589 INFO 79201 [egg-schedule]: register schedule /Users/didi/workspace-afterhours/egg-todomvc/node_modules/egg-multipart/app/schedule/clean_tmpdir.js
2020-08-04 18:10:45,589 INFO 79201 [egg-schedule]: register schedule /Users/didi/workspace-afterhours/egg-todomvc/node_modules/egg-logrotator/app/schedule/clean_log.js
2020-08-04 18:10:45,589 INFO 79201 [egg-schedule]: register schedule /Users/didi/workspace-afterhours/egg-todomvc/node_modules/egg-logrotator/app/schedule/rotate_by_file.js
2020-08-04 18:13:27,600 INFO 79349 [egg-schedule]: register schedule /Users/didi/workspace-afterhours/egg-todomvc/node_modules/egg-multipart/app/schedule/clean_tmpdir.js
2020-08-04 18:13:27,600 INFO 79349 [egg-schedule]: register schedule /Users/didi/workspace-afterhours/egg-todomvc/node_modules/egg-logrotator/app/schedule/clean_log.js
2020-08-04 18:13:27,600 INFO 79349 [egg-schedule]: register schedule /Users/didi/workspace-afterhours/egg-todomvc/node_modules/egg-logrotator/app/schedule/rotate_by_file.js
2020-08-04 18:16:11,561 INFO 79634 [egg-schedule]: register schedule /Users/didi/workspace-afterhours/egg-todomvc/node_modules/egg-multipart/app/schedule/clean_tmpdir.js
2020-08-04 18:16:11,561 INFO 79634 [egg-schedule]: register schedule /Users/didi/workspace-afterhours/egg-todomvc/node_modules/egg-logrotator/app/schedule/clean_log.js
2020-08-04 18:16:11,561 INFO 79634 [egg-schedule]: register schedule /Users/didi/workspace-afterhours/egg-todomvc/node_modules/egg-logrotator/app/schedule/rotate_by_file.js
2020-08-04 18:16:30,424 INFO 79655 [egg-schedule]: register schedule /Users/didi/workspace-afterhours/egg-todomvc/node_modules/egg-multipart/app/schedule/clean_tmpdir.js
2020-08-04 18:16:30,425 INFO 79655 [egg-schedule]: register schedule /Users/didi/workspace-afterhours/egg-todomvc/node_modules/egg-logrotator/app/schedule/clean_log.js
2020-08-04 18:16:30,425 INFO 79655 [egg-schedule]: register schedule /Users/didi/workspace-afterhours/egg-todomvc/node_modules/egg-logrotator/app/schedule/rotate_by_file.js
2020-08-04 18:17:05,191 INFO 79689 [egg-schedule]: register schedule /Users/didi/workspace-afterhours/egg-todomvc/node_modules/egg-multipart/app/schedule/clean_tmpdir.js
2020-08-04 18:17:05,191 INFO 79689 [egg-schedule]: register schedule /Users/didi/workspace-afterhours/egg-todomvc/node_modules/egg-logrotator/app/schedule/clean_log.js
2020-08-04 18:17:05,191 INFO 79689 [egg-schedule]: register schedule /Users/didi/workspace-afterhours/egg-todomvc/node_modules/egg-logrotator/app/schedule/rotate_by_file.js
